  [4;36;1mSQL (0.2ms)[0m   [0;1m SELECT name
 FROM sqlite_master
 WHERE type = 'table' AND NOT name = 'sqlite_sequence'
[0m
  [4;35;1mSQL (0.1ms)[0m   [0mselect sqlite_version(*)[0m
  [4;36;1mSQL (3.2ms)[0m   [0;1mCREATE TABLE "schema_migrations" ("version" varchar(255) NOT NULL) [0m
  [4;35;1mSQL (0.1ms)[0m   [0mPRAGMA index_list("schema_migrations")[0m
  [4;36;1mSQL (34.3ms)[0m   [0;1mCREATE UNIQUE INDEX "unique_schema_migrations" ON "schema_migrations" ("version")[0m
  [4;35;1mSQL (0.3ms)[0m   [0m SELECT name
 FROM sqlite_master
 WHERE type = 'table' AND NOT name = 'sqlite_sequence'
[0m
  [4;36;1mSQL (0.1ms)[0m   [0;1mSELECT version FROM schema_migrations[0m
Migrating to CreateUsers (20110307154307)
  [4;35;1mSQL (0.8ms)[0m   [0mCREATE TABLE "users" ("id" INTEGER PRIMARY KEY AUTOINCREMENT NOT NULL, "username" varchar(255), "password" varchar(255), "first_name" varchar(255), "last_name" varchar(255), "email" varchar(255), "created_at" datetime, "updated_at" datetime) [0m
  [4;36;1mSQL (0.2ms)[0m   [0;1mINSERT INTO schema_migrations (version) VALUES ('20110307154307')[0m
  [4;35;1mSQL (0.2ms)[0m   [0m SELECT name
 FROM sqlite_master
 WHERE type = 'table' AND NOT name = 'sqlite_sequence'
[0m
  [4;36;1mSQL (0.1ms)[0m   [0;1mSELECT version FROM schema_migrations[0m
  [4;35;1mSQL (0.1ms)[0m   [0m SELECT name
 FROM sqlite_master
 WHERE type = 'table' AND NOT name = 'sqlite_sequence'
[0m
  [4;36;1mSQL (0.0ms)[0m   [0;1mPRAGMA index_list("users")[0m
  [4;36;1mSQL (0.4ms)[0m   [0;1m SELECT name
 FROM sqlite_master
 WHERE type = 'table' AND NOT name = 'sqlite_sequence'
[0m
  [4;35;1mSQL (0.1ms)[0m   [0mSELECT version FROM schema_migrations[0m
  [4;36;1mSQL (0.1ms)[0m   [0;1m SELECT name
 FROM sqlite_master
 WHERE type = 'table' AND NOT name = 'sqlite_sequence'
[0m
  [4;35;1mSQL (0.1ms)[0m   [0mSELECT version FROM schema_migrations[0m
Migrating to CreateUsers (20110307154307)
  [4;36;1mSQL (0.1ms)[0m   [0;1mselect sqlite_version(*)[0m
  [4;35;1mSQL (0.7ms)[0m   [0mDROP TABLE "users"[0m
  [4;36;1mSQL (0.1ms)[0m   [0;1mDELETE FROM schema_migrations WHERE version = '20110307154307'[0m
  [4;35;1mSQL (0.2ms)[0m   [0m SELECT name
 FROM sqlite_master
 WHERE type = 'table' AND NOT name = 'sqlite_sequence'
[0m
  [4;36;1mSQL (0.1ms)[0m   [0;1mSELECT version FROM schema_migrations[0m
  [4;35;1mSQL (0.1ms)[0m   [0m SELECT name
 FROM sqlite_master
 WHERE type = 'table' AND NOT name = 'sqlite_sequence'
[0m
  [4;36;1mSQL (0.1ms)[0m   [0;1m SELECT name
 FROM sqlite_master
 WHERE type = 'table' AND NOT name = 'sqlite_sequence'
[0m
  [4;35;1mSQL (0.1ms)[0m   [0mSELECT version FROM schema_migrations[0m
Migrating to CreateUsers (20110307154307)
  [4;36;1mSQL (0.5ms)[0m   [0;1mCREATE TABLE "users" ("id" INTEGER PRIMARY KEY AUTOINCREMENT NOT NULL, "username" varchar(255), "crypted_password" varchar(255), "password_salt" varchar(255), "persistence_token" varchar(255), "last_login_at" varchar(255), "first_name" varchar(255), "last_name" varchar(255), "email" varchar(255), "created_at" datetime, "updated_at" datetime) [0m
  [4;35;1mSQL (0.1ms)[0m   [0mINSERT INTO schema_migrations (version) VALUES ('20110307154307')[0m
  [4;36;1mSQL (0.4ms)[0m   [0;1m SELECT name
 FROM sqlite_master
 WHERE type = 'table' AND NOT name = 'sqlite_sequence'
[0m
  [4;35;1mSQL (0.1ms)[0m   [0mSELECT version FROM schema_migrations[0m
  [4;36;1mSQL (0.1ms)[0m   [0;1m SELECT name
 FROM sqlite_master
 WHERE type = 'table' AND NOT name = 'sqlite_sequence'
[0m
  [4;35;1mSQL (0.0ms)[0m   [0mPRAGMA index_list("users")[0m


Processing UsersController#index (for 127.0.0.1 at 2011-03-07 08:52:34) [GET]
  [4;36;1mUser Load (0.2ms)[0m   [0;1mSELECT * FROM "users" [0m
Rendering users/index

ActionView::TemplateError (undefined method `title' for #<ActionView::Base:0x102eef450>) on line #1 of app/views/users/index.html.haml:
1: - title "Users"
2: 
3: %table
4:   %tr

    app/views/users/index.html.haml:1:in `_run_haml_app47views47users47index46html46haml'
    haml (3.0.25) rails/./lib/haml/helpers/action_view_mods.rb:13:in `render'
    haml (3.0.25) rails/./lib/sass/plugin/rack.rb:41:in `call'
    /System/Library/Frameworks/Ruby.framework/Versions/1.8/usr/lib/ruby/1.8/webrick/httpserver.rb:104:in `service'
    /System/Library/Frameworks/Ruby.framework/Versions/1.8/usr/lib/ruby/1.8/webrick/httpserver.rb:65:in `run'
    /System/Library/Frameworks/Ruby.framework/Versions/1.8/usr/lib/ruby/1.8/webrick/server.rb:173:in `start_thread'
    /System/Library/Frameworks/Ruby.framework/Versions/1.8/usr/lib/ruby/1.8/webrick/server.rb:162:in `start'
    /System/Library/Frameworks/Ruby.framework/Versions/1.8/usr/lib/ruby/1.8/webrick/server.rb:162:in `start_thread'
    /System/Library/Frameworks/Ruby.framework/Versions/1.8/usr/lib/ruby/1.8/webrick/server.rb:95:in `start'
    /System/Library/Frameworks/Ruby.framework/Versions/1.8/usr/lib/ruby/1.8/webrick/server.rb:92:in `each'
    /System/Library/Frameworks/Ruby.framework/Versions/1.8/usr/lib/ruby/1.8/webrick/server.rb:92:in `start'
    /System/Library/Frameworks/Ruby.framework/Versions/1.8/usr/lib/ruby/1.8/webrick/server.rb:23:in `start'
    /System/Library/Frameworks/Ruby.framework/Versions/1.8/usr/lib/ruby/1.8/webrick/server.rb:82:in `start'

Rendered rescues/_trace (37.4ms)
Rendered rescues/_request_and_response (1.1ms)
Rendering rescues/layout (internal_server_error)


Processing UsersController#index (for 127.0.0.1 at 2011-03-07 08:53:16) [GET]
  [4;35;1mUser Load (0.2ms)[0m   [0mSELECT * FROM "users" [0m
Rendering users/index
Completed in 16ms (View: 8, DB: 0) | 200 OK [http://localhost/]


Processing UserSessionsController#index (for 127.0.0.1 at 2011-03-07 09:13:46) [GET]

ActionController::UnknownAction (No action responded to index. Actions: create, destroy, and new):
  haml (3.0.25) rails/./lib/sass/plugin/rack.rb:41:in `call'
  /System/Library/Frameworks/Ruby.framework/Versions/1.8/usr/lib/ruby/1.8/webrick/httpserver.rb:104:in `service'
  /System/Library/Frameworks/Ruby.framework/Versions/1.8/usr/lib/ruby/1.8/webrick/httpserver.rb:65:in `run'
  /System/Library/Frameworks/Ruby.framework/Versions/1.8/usr/lib/ruby/1.8/webrick/server.rb:173:in `start_thread'
  /System/Library/Frameworks/Ruby.framework/Versions/1.8/usr/lib/ruby/1.8/webrick/server.rb:162:in `start'
  /System/Library/Frameworks/Ruby.framework/Versions/1.8/usr/lib/ruby/1.8/webrick/server.rb:162:in `start_thread'
  /System/Library/Frameworks/Ruby.framework/Versions/1.8/usr/lib/ruby/1.8/webrick/server.rb:95:in `start'
  /System/Library/Frameworks/Ruby.framework/Versions/1.8/usr/lib/ruby/1.8/webrick/server.rb:92:in `each'
  /System/Library/Frameworks/Ruby.framework/Versions/1.8/usr/lib/ruby/1.8/webrick/server.rb:92:in `start'
  /System/Library/Frameworks/Ruby.framework/Versions/1.8/usr/lib/ruby/1.8/webrick/server.rb:23:in `start'
  /System/Library/Frameworks/Ruby.framework/Versions/1.8/usr/lib/ruby/1.8/webrick/server.rb:82:in `start'

Rendering rescues/layout (not_found)


Processing UserSessionsController#new (for 127.0.0.1 at 2011-03-07 09:13:52) [GET]
Rendering user_sessions/new

ActionView::TemplateError (undefined method `title' for #<ActionView::Base:0x10351af50>) on line #1 of app/views/user_sessions/new.html.erb:
1: <% title "New User Session" %>
2: 
3: <% form_for @user_session do |f| %>
4:   <%= f.error_messages %>

    app/views/user_sessions/new.html.erb:1
    haml (3.0.25) rails/./lib/haml/helpers/action_view_mods.rb:13:in `render'
    haml (3.0.25) rails/./lib/sass/plugin/rack.rb:41:in `call'
    /System/Library/Frameworks/Ruby.framework/Versions/1.8/usr/lib/ruby/1.8/webrick/httpserver.rb:104:in `service'
    /System/Library/Frameworks/Ruby.framework/Versions/1.8/usr/lib/ruby/1.8/webrick/httpserver.rb:65:in `run'
    /System/Library/Frameworks/Ruby.framework/Versions/1.8/usr/lib/ruby/1.8/webrick/server.rb:173:in `start_thread'
    /System/Library/Frameworks/Ruby.framework/Versions/1.8/usr/lib/ruby/1.8/webrick/server.rb:162:in `start'
    /System/Library/Frameworks/Ruby.framework/Versions/1.8/usr/lib/ruby/1.8/webrick/server.rb:162:in `start_thread'
    /System/Library/Frameworks/Ruby.framework/Versions/1.8/usr/lib/ruby/1.8/webrick/server.rb:95:in `start'
    /System/Library/Frameworks/Ruby.framework/Versions/1.8/usr/lib/ruby/1.8/webrick/server.rb:92:in `each'
    /System/Library/Frameworks/Ruby.framework/Versions/1.8/usr/lib/ruby/1.8/webrick/server.rb:92:in `start'
    /System/Library/Frameworks/Ruby.framework/Versions/1.8/usr/lib/ruby/1.8/webrick/server.rb:23:in `start'
    /System/Library/Frameworks/Ruby.framework/Versions/1.8/usr/lib/ruby/1.8/webrick/server.rb:82:in `start'

Rendered rescues/_trace (36.2ms)
Rendered rescues/_request_and_response (0.4ms)
Rendering rescues/layout (internal_server_error)


Processing UserSessionsController#new (for 127.0.0.1 at 2011-03-07 09:14:04) [GET]
Rendering user_sessions/new

ActionView::TemplateError (undefined method `title' for #<ActionView::Base:0x10304bbf0>) on line #1 of app/views/user_sessions/new.html.erb:
1: <%= title "New User Session" %>
2: 
3: <% form_for @user_session do |f| %>
4:   <%= f.error_messages %>

    app/views/user_sessions/new.html.erb:1
    haml (3.0.25) rails/./lib/haml/helpers/action_view_mods.rb:13:in `render'
    haml (3.0.25) rails/./lib/sass/plugin/rack.rb:41:in `call'
    /System/Library/Frameworks/Ruby.framework/Versions/1.8/usr/lib/ruby/1.8/webrick/httpserver.rb:104:in `service'
    /System/Library/Frameworks/Ruby.framework/Versions/1.8/usr/lib/ruby/1.8/webrick/httpserver.rb:65:in `run'
    /System/Library/Frameworks/Ruby.framework/Versions/1.8/usr/lib/ruby/1.8/webrick/server.rb:173:in `start_thread'
    /System/Library/Frameworks/Ruby.framework/Versions/1.8/usr/lib/ruby/1.8/webrick/server.rb:162:in `start'
    /System/Library/Frameworks/Ruby.framework/Versions/1.8/usr/lib/ruby/1.8/webrick/server.rb:162:in `start_thread'
    /System/Library/Frameworks/Ruby.framework/Versions/1.8/usr/lib/ruby/1.8/webrick/server.rb:95:in `start'
    /System/Library/Frameworks/Ruby.framework/Versions/1.8/usr/lib/ruby/1.8/webrick/server.rb:92:in `each'
    /System/Library/Frameworks/Ruby.framework/Versions/1.8/usr/lib/ruby/1.8/webrick/server.rb:92:in `start'
    /System/Library/Frameworks/Ruby.framework/Versions/1.8/usr/lib/ruby/1.8/webrick/server.rb:23:in `start'
    /System/Library/Frameworks/Ruby.framework/Versions/1.8/usr/lib/ruby/1.8/webrick/server.rb:82:in `start'

Rendered rescues/_trace (34.9ms)
Rendered rescues/_request_and_response (0.7ms)
Rendering rescues/layout (internal_server_error)


Processing UserSessionsController#new (for 127.0.0.1 at 2011-03-07 09:14:18) [GET]
Rendering user_sessions/new
Completed in 17ms (View: 7, DB: 0) | 200 OK [http://localhost/user_sessions/new]


Processing UserSessionsController#new (for 127.0.0.1 at 2011-03-07 09:16:00) [GET]
Rendering user_sessions/new
Completed in 19ms (View: 9, DB: 0) | 200 OK [http://localhost/user_sessions/new]


Processing UserSessionsController#new (for 127.0.0.1 at 2011-03-07 09:16:19) [GET]
Rendering user_sessions/new
Completed in 19ms (View: 9, DB: 0) | 200 OK [http://localhost/user_sessions/new]


Processing UserSessionsController#new (for 127.0.0.1 at 2011-03-07 10:00:38) [GET]

NoMethodError (private method `current_user' called for #<UserSessionsController:0x1031d1ad8>):
  app/controllers/application_controller.rb:13
  haml (3.0.25) rails/./lib/sass/plugin/rack.rb:41:in `call'
  /System/Library/Frameworks/Ruby.framework/Versions/1.8/usr/lib/ruby/1.8/webrick/httpserver.rb:104:in `service'
  /System/Library/Frameworks/Ruby.framework/Versions/1.8/usr/lib/ruby/1.8/webrick/httpserver.rb:65:in `run'
  /System/Library/Frameworks/Ruby.framework/Versions/1.8/usr/lib/ruby/1.8/webrick/server.rb:173:in `start_thread'
  /System/Library/Frameworks/Ruby.framework/Versions/1.8/usr/lib/ruby/1.8/webrick/server.rb:162:in `start'
  /System/Library/Frameworks/Ruby.framework/Versions/1.8/usr/lib/ruby/1.8/webrick/server.rb:162:in `start_thread'
  /System/Library/Frameworks/Ruby.framework/Versions/1.8/usr/lib/ruby/1.8/webrick/server.rb:95:in `start'
  /System/Library/Frameworks/Ruby.framework/Versions/1.8/usr/lib/ruby/1.8/webrick/server.rb:92:in `each'
  /System/Library/Frameworks/Ruby.framework/Versions/1.8/usr/lib/ruby/1.8/webrick/server.rb:92:in `start'
  /System/Library/Frameworks/Ruby.framework/Versions/1.8/usr/lib/ruby/1.8/webrick/server.rb:23:in `start'
  /System/Library/Frameworks/Ruby.framework/Versions/1.8/usr/lib/ruby/1.8/webrick/server.rb:82:in `start'

Rendered rescues/_trace (29.8ms)
Rendered rescues/_request_and_response (0.3ms)
Rendering rescues/layout (internal_server_error)
WARNING: Can't mass-assign these protected attributes: password_confirmation
  [4;36;1mUser Load (0.2ms)[0m   [0;1mSELECT "users".id FROM "users" WHERE (LOWER("users"."email") = 'admin@gamez.com') LIMIT 1[0m
  [4;35;1mUser Load (0.1ms)[0m   [0mSELECT "users".id FROM "users" WHERE (LOWER("users"."username") = 'admin') LIMIT 1[0m
  [4;36;1mUser Load (0.1ms)[0m   [0;1mSELECT "users".id FROM "users" WHERE ("users"."persistence_token" = '1fe1bf0ea1bcad2a025be5565409d70f85e764f626fcda3665e41e1630ae4c68f5885b4c85caaa1ed76e38c8ace77bad96f0e4594266d2d781c17686fdcf7c1d') LIMIT 1[0m
WARNING: Can't mass-assign these protected attributes: password_confirmation
  [4;35;1mUser Load (0.1ms)[0m   [0mSELECT "users".id FROM "users" WHERE (LOWER("users"."email") = 'member@gamez.com') LIMIT 1[0m
  [4;36;1mUser Load (0.1ms)[0m   [0;1mSELECT "users".id FROM "users" WHERE (LOWER("users"."username") = 'member') LIMIT 1[0m
  [4;35;1mUser Load (0.1ms)[0m   [0mSELECT "users".id FROM "users" WHERE ("users"."persistence_token" = 'b7d7f17fb25748ba0e742bc5f008c56f30d0f887f2d35507af83d71a0f4fea63f34976dc6e1c289dea593e301020c5bd057186c15b49a9d2e59bf72952ece45e') LIMIT 1[0m
  [4;36;1mUser Load (0.2ms)[0m   [0;1mSELECT * FROM "users" WHERE ("users"."username" = 'admin') LIMIT 1[0m
WARNING: Can't mass-assign these protected attributes: password_confirmation
  [4;36;1mUser Load (0.2ms)[0m   [0;1mSELECT "users".id FROM "users" WHERE (LOWER("users"."email") = 'admin@gamez.com') LIMIT 1[0m
  [4;35;1mUser Load (0.1ms)[0m   [0mSELECT "users".id FROM "users" WHERE (LOWER("users"."username") = 'admin') LIMIT 1[0m
  [4;36;1mUser Load (0.1ms)[0m   [0;1mSELECT "users".id FROM "users" WHERE ("users"."persistence_token" = '53b1bd39b356685c6340d6d76a80ef99cc5b73ee9c81fed4e443b25abf035c2ac722a99f952610607e4d1f62bae6d6b7382c4f4e2d6ade367bd7e7dedceaa731') LIMIT 1[0m
WARNING: Can't mass-assign these protected attributes: password_confirmation
  [4;35;1mUser Load (0.1ms)[0m   [0mSELECT "users".id FROM "users" WHERE (LOWER("users"."email") = 'member@gamez.com') LIMIT 1[0m
  [4;36;1mUser Load (0.1ms)[0m   [0;1mSELECT "users".id FROM "users" WHERE (LOWER("users"."username") = 'member') LIMIT 1[0m
  [4;35;1mUser Load (0.1ms)[0m   [0mSELECT "users".id FROM "users" WHERE ("users"."persistence_token" = '5c247b68554d00677fe28091aed408c401a6a8dfa397ed6811d25462773fd4344e1ab89de40caa6be3677e5cc391461cb19f99fc9284aff6a138afe01c0bae57') LIMIT 1[0m
  [4;36;1mUser Load (0.2ms)[0m   [0;1mSELECT * FROM "users" WHERE ("users"."username" = 'admin') LIMIT 1[0m
WARNING: Can't mass-assign these protected attributes: password_confirmation
  [4;36;1mUser Load (0.2ms)[0m   [0;1mSELECT "users".id FROM "users" WHERE (LOWER("users"."email") = 'admin@gamez.com') LIMIT 1[0m
  [4;35;1mUser Load (0.1ms)[0m   [0mSELECT "users".id FROM "users" WHERE (LOWER("users"."username") = 'admin') LIMIT 1[0m
  [4;36;1mUser Load (0.1ms)[0m   [0;1mSELECT "users".id FROM "users" WHERE ("users"."persistence_token" = '8492342dc9e7dea93be9931c9729bc6cef0d1af648aeee5d8c2720af26e8772daa2cd87e1dab2587161ad79e89f07c6aec5768166340f4d5db77a08499ff0817') LIMIT 1[0m
WARNING: Can't mass-assign these protected attributes: password_confirmation
  [4;35;1mUser Load (0.1ms)[0m   [0mSELECT "users".id FROM "users" WHERE (LOWER("users"."email") = 'member@gamez.com') LIMIT 1[0m
  [4;36;1mUser Load (0.1ms)[0m   [0;1mSELECT "users".id FROM "users" WHERE (LOWER("users"."username") = 'member') LIMIT 1[0m
  [4;35;1mUser Load (0.1ms)[0m   [0mSELECT "users".id FROM "users" WHERE ("users"."persistence_token" = 'bb5f6f446c8f202a092d37e592e003246029ff1ec25c7f414c639c1893c847ccf366867bcedf97bff3735579ed6383cb3a6ba6974fb875a7ea3b980fe3e36df8') LIMIT 1[0m
  [4;36;1mUser Load (0.2ms)[0m   [0;1mSELECT * FROM "users" WHERE ("users"."username" = 'admin') LIMIT 1[0m
  [4;36;1mSQL (0.2ms)[0m   [0;1mselect sqlite_version(*)[0m
  [4;35;1mSQL (0.3ms)[0m   [0m SELECT name
 FROM sqlite_master
 WHERE type = 'table' AND NOT name = 'sqlite_sequence'
[0m
  [4;36;1mSQL (2.6ms)[0m   [0;1mCREATE TABLE "users" ("id" INTEGER PRIMARY KEY AUTOINCREMENT NOT NULL, "username" varchar(255), "crypted_password" varchar(255), "password_salt" varchar(255), "persistence_token" varchar(255), "last_login_at" varchar(255), "first_name" varchar(255), "last_name" varchar(255), "email" varchar(255), "created_at" datetime, "updated_at" datetime) [0m
  [4;35;1mSQL (0.2ms)[0m   [0m SELECT name
 FROM sqlite_master
 WHERE type = 'table' AND NOT name = 'sqlite_sequence'
[0m
  [4;36;1mSQL (1.9ms)[0m   [0;1mCREATE TABLE "schema_migrations" ("version" varchar(255) NOT NULL) [0m
  [4;35;1mSQL (0.1ms)[0m   [0mPRAGMA index_list("schema_migrations")[0m
  [4;36;1mSQL (2.4ms)[0m   [0;1mCREATE UNIQUE INDEX "unique_schema_migrations" ON "schema_migrations" ("version")[0m
  [4;35;1mSQL (0.3ms)[0m   [0m SELECT name
 FROM sqlite_master
 WHERE type = 'table' AND NOT name = 'sqlite_sequence'
[0m
  [4;36;1mSQL (0.1ms)[0m   [0;1mSELECT version FROM "schema_migrations"[0m
  [4;35;1mSQL (2.2ms)[0m   [0mINSERT INTO "schema_migrations" (version) VALUES ('20110307154307')[0m
WARNING: Can't mass-assign these protected attributes: password_confirmation
  [4;36;1mUser Load (0.2ms)[0m   [0;1mSELECT "users".id FROM "users" WHERE (LOWER("users"."email") = 'admin@gamez.com') LIMIT 1[0m
  [4;35;1mUser Load (0.1ms)[0m   [0mSELECT "users".id FROM "users" WHERE (LOWER("users"."username") = 'admin') LIMIT 1[0m
  [4;36;1mUser Load (0.1ms)[0m   [0;1mSELECT "users".id FROM "users" WHERE ("users"."persistence_token" = '9604d897ba9412612559cbdf9712a05332f7811b03e733374e4efb53810208f60a093f4b002ae691e4ba877f7fb67f25b1ec2542b715ad32479e1ef1022e2817') LIMIT 1[0m
WARNING: Can't mass-assign these protected attributes: password_confirmation
  [4;35;1mUser Load (0.1ms)[0m   [0mSELECT "users".id FROM "users" WHERE (LOWER("users"."email") = 'member@gamez.com') LIMIT 1[0m
  [4;36;1mUser Load (0.1ms)[0m   [0;1mSELECT "users".id FROM "users" WHERE (LOWER("users"."username") = 'member') LIMIT 1[0m
  [4;35;1mUser Load (0.1ms)[0m   [0mSELECT "users".id FROM "users" WHERE ("users"."persistence_token" = '253f3fe333f9e9d8251ae7dd1ece444f260b143db73c865bad4b2a161dccd1ae5da0cca24b66213638a17aa8cbb9536ed35c7c40d409291f26cb1ef65f46960b') LIMIT 1[0m
  [4;36;1mUser Load (0.2ms)[0m   [0;1mSELECT * FROM "users" WHERE ("users"."username" = 'admin') LIMIT 1[0m
  [4;36;1mSQL (0.1ms)[0m   [0;1mselect sqlite_version(*)[0m
  [4;35;1mSQL (0.2ms)[0m   [0m SELECT name
 FROM sqlite_master
 WHERE type = 'table' AND NOT name = 'sqlite_sequence'
[0m
  [4;36;1mSQL (3.4ms)[0m   [0;1mCREATE TABLE "users" ("id" INTEGER PRIMARY KEY AUTOINCREMENT NOT NULL, "username" varchar(255), "crypted_password" varchar(255), "password_salt" varchar(255), "persistence_token" varchar(255), "last_login_at" varchar(255), "first_name" varchar(255), "last_name" varchar(255), "email" varchar(255), "created_at" datetime, "updated_at" datetime) [0m
  [4;35;1mSQL (0.2ms)[0m   [0m SELECT name
 FROM sqlite_master
 WHERE type = 'table' AND NOT name = 'sqlite_sequence'
[0m
  [4;36;1mSQL (2.0ms)[0m   [0;1mCREATE TABLE "schema_migrations" ("version" varchar(255) NOT NULL) [0m
  [4;35;1mSQL (0.1ms)[0m   [0mPRAGMA index_list("schema_migrations")[0m
  [4;36;1mSQL (2.4ms)[0m   [0;1mCREATE UNIQUE INDEX "unique_schema_migrations" ON "schema_migrations" ("version")[0m
  [4;35;1mSQL (0.2ms)[0m   [0m SELECT name
 FROM sqlite_master
 WHERE type = 'table' AND NOT name = 'sqlite_sequence'
[0m
  [4;36;1mSQL (0.1ms)[0m   [0;1mSELECT version FROM "schema_migrations"[0m
  [4;35;1mSQL (1.8ms)[0m   [0mINSERT INTO "schema_migrations" (version) VALUES ('20110307154307')[0m
  [4;36;1mSQL (0.4ms)[0m   [0;1m SELECT name
 FROM sqlite_master
 WHERE type = 'table' AND NOT name = 'sqlite_sequence'
[0m
  [4;35;1mSQL (0.1ms)[0m   [0mSELECT version FROM schema_migrations[0m
Migrating to CreateUsers (20110307154307)
Migrating to CreateRoles (20110307165553)
  [4;36;1mSQL (0.1ms)[0m   [0;1mselect sqlite_version(*)[0m
  [4;35;1mSQL (0.7ms)[0m   [0mCREATE TABLE "roles" ("id" INTEGER PRIMARY KEY AUTOINCREMENT NOT NULL, "name" varchar(255), "created_at" datetime, "updated_at" datetime) [0m
  [4;36;1mSQL (0.2ms)[0m   [0;1mALTER TABLE "users" ADD "role_id" integer[0m
  [4;35;1mSQL (0.1ms)[0m   [0mINSERT INTO schema_migrations (version) VALUES ('20110307165553')[0m
  [4;36;1mSQL (0.2ms)[0m   [0;1m SELECT name
 FROM sqlite_master
 WHERE type = 'table' AND NOT name = 'sqlite_sequence'
[0m
  [4;35;1mSQL (0.1ms)[0m   [0mSELECT version FROM schema_migrations[0m
  [4;36;1mSQL (0.1ms)[0m   [0;1m SELECT name
 FROM sqlite_master
 WHERE type = 'table' AND NOT name = 'sqlite_sequence'
[0m
  [4;35;1mSQL (0.0ms)[0m   [0mPRAGMA index_list("roles")[0m
  [4;36;1mSQL (0.0ms)[0m   [0;1mPRAGMA index_list("users")[0m
  [4;36;1mRole Create (0.4ms)[0m   [0;1mINSERT INTO "roles" ("name", "created_at", "updated_at") VALUES('admin', '2011-03-07 17:36:52', '2011-03-07 17:36:52')[0m
  [4;35;1mRole Create (0.3ms)[0m   [0mINSERT INTO "roles" ("name", "created_at", "updated_at") VALUES('member', '2011-03-07 17:36:52', '2011-03-07 17:36:52')[0m
WARNING: Can't mass-assign these protected attributes: password_confirmation, role
  [4;36;1mUser Load (0.2ms)[0m   [0;1mSELECT "users".id FROM "users" WHERE (LOWER("users"."email") = 'admin@gamez.com') LIMIT 1[0m
  [4;35;1mUser Load (0.1ms)[0m   [0mSELECT "users".id FROM "users" WHERE (LOWER("users"."username") = 'admin') LIMIT 1[0m
  [4;36;1mUser Load (0.2ms)[0m   [0;1mSELECT "users".id FROM "users" WHERE ("users"."persistence_token" = '011ad6a7e198d92422b66f3452f9fa2e735a02ab6e30e7922dc0c6806584bec6bde3e35edc2070baec26f309f64e7481cb29fe344a842a419a1d9122ce97f56d') LIMIT 1[0m
WARNING: Can't mass-assign these protected attributes: password_confirmation, role
  [4;35;1mUser Load (0.1ms)[0m   [0mSELECT "users".id FROM "users" WHERE (LOWER("users"."email") = 'member@gamez.com') LIMIT 1[0m
  [4;36;1mUser Load (0.1ms)[0m   [0;1mSELECT "users".id FROM "users" WHERE (LOWER("users"."username") = 'member') LIMIT 1[0m
  [4;35;1mUser Load (0.1ms)[0m   [0mSELECT "users".id FROM "users" WHERE ("users"."persistence_token" = '3a4861d4247566af552bb2b552ddac615303e13c509db1c384f60f77e534695423f6b1b3006224c7daf861a40b4a00b9ed84abc7aa9b88c2ad531fd8187bb857') LIMIT 1[0m


Processing UserSessionsController#new (for 127.0.0.1 at 2011-03-07 10:38:12) [GET]
Rendering user_sessions/new
Completed in 20ms (View: 9, DB: 0) | 200 OK [http://localhost/user_sessions/new]


Processing UsersController#index (for 127.0.0.1 at 2011-03-07 10:38:18) [GET]
  [4;36;1mUser Load (0.2ms)[0m   [0;1mSELECT * FROM "users" [0m
Rendering users/index
Completed in 10ms (View: 1, DB: 0) | 200 OK [http://localhost/]


Processing UsersController#index (for 127.0.0.1 at 2011-03-07 10:38:27) [GET]
  [4;35;1mUser Load (0.2ms)[0m   [0mSELECT * FROM "users" [0m
Rendering users/index
Completed in 11ms (View: 1, DB: 0) | 200 OK [http://localhost/]
  [4;36;1mUser Load (0.2ms)[0m   [0;1mSELECT * FROM "users" LIMIT 1[0m
  [4;36;1mSQL (0.4ms)[0m   [0;1m SELECT name
 FROM sqlite_master
 WHERE type = 'table' AND NOT name = 'sqlite_sequence'
[0m
  [4;35;1mSQL (0.1ms)[0m   [0mSELECT version FROM schema_migrations[0m
Migrating to CreateUsers (20110307154307)
Migrating to CreateRoles (20110307165553)
  [4;36;1mSQL (0.1ms)[0m   [0;1mselect sqlite_version(*)[0m
  [4;35;1mSQL (0.2ms)[0m   [0m SELECT name
 FROM sqlite_master
 WHERE type = 'table' AND NOT name = 'sqlite_sequence'
[0m
  [4;36;1mSQL (0.1ms)[0m   [0;1mSELECT version FROM schema_migrations[0m
  [4;35;1mSQL (0.1ms)[0m   [0m SELECT name
 FROM sqlite_master
 WHERE type = 'table' AND NOT name = 'sqlite_sequence'
[0m
  [4;36;1mSQL (0.0ms)[0m   [0;1mPRAGMA index_list("roles")[0m
  [4;35;1mSQL (0.0ms)[0m   [0mPRAGMA index_list("users")[0m
  [4;36;1mRole Create (0.4ms)[0m   [0;1mINSERT INTO "roles" ("name", "created_at", "updated_at") VALUES('admin', '2011-03-07 17:42:18', '2011-03-07 17:42:18')[0m
  [4;35;1mRole Create (0.3ms)[0m   [0mINSERT INTO "roles" ("name", "created_at", "updated_at") VALUES('member', '2011-03-07 17:42:18', '2011-03-07 17:42:18')[0m
WARNING: Can't mass-assign these protected attributes: password_confirmation, role
  [4;36;1mUser Load (0.2ms)[0m   [0;1mSELECT "users".id FROM "users" WHERE (LOWER("users"."email") = 'admin@gamez.com') LIMIT 1[0m
  [4;35;1mUser Load (0.1ms)[0m   [0mSELECT "users".id FROM "users" WHERE (LOWER("users"."username") = 'admin') LIMIT 1[0m
  [4;36;1mUser Load (0.2ms)[0m   [0;1mSELECT "users".id FROM "users" WHERE ("users"."persistence_token" = 'dd5565ca7dfc9213eb051a3c00158a689e262c1ea6857c7ee43dac0f9f57225b3be63247a3db064fcdec30918d1db99ca23f7c80908350b80ca18128ff3d74f0') LIMIT 1[0m
WARNING: Can't mass-assign these protected attributes: password_confirmation, role
  [4;35;1mUser Load (0.1ms)[0m   [0mSELECT "users".id FROM "users" WHERE (LOWER("users"."email") = 'member@gamez.com') LIMIT 1[0m
  [4;36;1mUser Load (0.1ms)[0m   [0;1mSELECT "users".id FROM "users" WHERE (LOWER("users"."username") = 'member') LIMIT 1[0m
  [4;35;1mUser Load (0.1ms)[0m   [0mSELECT "users".id FROM "users" WHERE ("users"."persistence_token" = '0dd5ac2557c30e0b7452c86aa7755d44f4f3bb8124de06a5bc629adee329acb9bdf5e538f30ca59a45342b8f0906b6e2276733c9806aa96a1358043caaa61325') LIMIT 1[0m


Processing UsersController#index (for 127.0.0.1 at 2011-03-07 10:42:22) [GET]
  [4;36;1mUser Load (0.2ms)[0m   [0;1mSELECT * FROM "users" [0m
Rendering users/index
Completed in 85ms (View: 8, DB: 0) | 200 OK [http://localhost/]


Processing UsersController#index (for 127.0.0.1 at 2011-03-07 10:42:23) [GET]
  [4;35;1mUser Load (0.2ms)[0m   [0mSELECT * FROM "users" [0m
Rendering users/index
Completed in 10ms (View: 1, DB: 0) | 200 OK [http://localhost/]
  [4;36;1mUser Load (0.2ms)[0m   [0;1mSELECT * FROM "users" LIMIT 1[0m
WARNING: Can't mass-assign these protected attributes: password_confirmation, role_id
  [4;35;1mUser Load (0.2ms)[0m   [0mSELECT "users".id FROM "users" WHERE (LOWER("users"."email") = 'cmckenna@mines.edu') LIMIT 1[0m
  [4;36;1mUser Load (0.1ms)[0m   [0;1mSELECT "users".id FROM "users" WHERE (LOWER("users"."username") = 'admin') LIMIT 1[0m
  [4;35;1mUser Load (0.1ms)[0m   [0mSELECT "users".id FROM "users" WHERE ("users"."persistence_token" = '786e2e8ebb85a0236cb46f471b27e13e5412219d3216a58b718cfcd953e4bf9685a44f3e58e613cf2fbcf5fd80a2f5cf2c839c9683da65e9726e41cefc6e95db') LIMIT 1[0m
WARNING: Can't mass-assign these protected attributes: password_confirmation, role_id
  [4;36;1mUser Load (0.2ms)[0m   [0;1mSELECT "users".id FROM "users" WHERE (LOWER("users"."email") = 'cmckenna@mines.edu') LIMIT 1[0m
  [4;35;1mUser Load (0.1ms)[0m   [0mSELECT "users".id FROM "users" WHERE (LOWER("users"."username") = 'admin') LIMIT 1[0m
  [4;36;1mUser Load (0.1ms)[0m   [0;1mSELECT "users".id FROM "users" WHERE ("users"."persistence_token" = '331b73aada9734945192a976da1b9d995e2ade8ce5b50a61688aa7ad67e4c39836ecdf90a7b881627b1471a5634d09d5866eb07ee7c93bb29f734f65099c996d') LIMIT 1[0m
  [4;35;1mUser Load (0.3ms)[0m   [0mSELECT "users".id FROM "users" WHERE (LOWER("users"."email") = 'cmckenna@mines.edu') LIMIT 1[0m
  [4;36;1mUser Load (0.2ms)[0m   [0;1mSELECT "users".id FROM "users" WHERE (LOWER("users"."username") = 'admin') LIMIT 1[0m
  [4;35;1mUser Load (0.2ms)[0m   [0mSELECT "users".id FROM "users" WHERE ("users"."persistence_token" = '331b73aada9734945192a976da1b9d995e2ade8ce5b50a61688aa7ad67e4c39836ecdf90a7b881627b1471a5634d09d5866eb07ee7c93bb29f734f65099c996d') LIMIT 1[0m
  [4;36;1mRole Create (41.8ms)[0m   [0;1mINSERT INTO "roles" ("name", "created_at", "updated_at") VALUES('admin', '2011-03-07 17:45:58', '2011-03-07 17:45:58')[0m
  [4;35;1mRole Create (0.6ms)[0m   [0mINSERT INTO "roles" ("name", "created_at", "updated_at") VALUES('member', '2011-03-07 17:45:58', '2011-03-07 17:45:58')[0m
WARNING: Can't mass-assign these protected attributes: role
  [4;36;1mUser Load (0.2ms)[0m   [0;1mSELECT "users".id FROM "users" WHERE (LOWER("users"."email") = 'admin@gamez.com') LIMIT 1[0m
  [4;35;1mUser Load (0.1ms)[0m   [0mSELECT "users".id FROM "users" WHERE (LOWER("users"."username") = 'admin') LIMIT 1[0m
  [4;36;1mUser Load (0.2ms)[0m   [0;1mSELECT "users".id FROM "users" WHERE ("users"."persistence_token" = '6c5d1318d54a4a621bf7a241ba9840d6772fbdf01df6c63ecdbbe4a8051eff3ce87a875c446db9cc21702198e9630968656d09caf24e6ae66080022a3e6abc6f') LIMIT 1[0m
  [4;35;1mUser Create (0.3ms)[0m   [0mINSERT INTO "users" ("created_at", "crypted_password", "updated_at", "username", "role_id", "password_salt", "persistence_token", "last_name", "last_login_at", "first_name", "email") VALUES('2011-03-07 17:45:59', '553799bcc36dd1e4f4d67baa3f74a50f31f6371194b3b69a74f3b4917471533dae2605ecb25f33a1f722885d2dfbbc9e117be7643972fc617983b719813dcaa3', '2011-03-07 17:45:59', 'admin', NULL, '5wf36J92wRGbDISWiXT', '6c5d1318d54a4a621bf7a241ba9840d6772fbdf01df6c63ecdbbe4a8051eff3ce87a875c446db9cc21702198e9630968656d09caf24e6ae66080022a3e6abc6f', 'istrator', NULL, 'admin', 'admin@gamez.com')[0m
WARNING: Can't mass-assign these protected attributes: role
  [4;36;1mUser Load (0.2ms)[0m   [0;1mSELECT "users".id FROM "users" WHERE (LOWER("users"."email") = 'member@gamez.com') LIMIT 1[0m
  [4;35;1mUser Load (0.1ms)[0m   [0mSELECT "users".id FROM "users" WHERE (LOWER("users"."username") = 'member') LIMIT 1[0m
  [4;36;1mUser Load (0.1ms)[0m   [0;1mSELECT "users".id FROM "users" WHERE ("users"."persistence_token" = 'dfc2da1bfa5ed91d02e2fbba3071cc644ba36bf8d5ef9298b927503e7ae7a89705d167b3fdadcac91217508ebd7a9abf9a98150a95e0f2fcd9a462453b52e659') LIMIT 1[0m
  [4;35;1mUser Create (0.3ms)[0m   [0mINSERT INTO "users" ("created_at", "crypted_password", "updated_at", "username", "role_id", "password_salt", "persistence_token", "last_name", "last_login_at", "first_name", "email") VALUES('2011-03-07 17:45:59', '4c6b2d218ff2e384219b47f99bcd0065a9c3c11404478a265b9c4b054593c2a58750255f6a480b5b049a27d677ad4aad96a91c4ee0bc78a86206da2be3d736ff', '2011-03-07 17:45:59', 'member', NULL, 'ozvc2TpF2gW6bSeeRdxR', 'dfc2da1bfa5ed91d02e2fbba3071cc644ba36bf8d5ef9298b927503e7ae7a89705d167b3fdadcac91217508ebd7a9abf9a98150a95e0f2fcd9a462453b52e659', 'ber', NULL, 'mem', 'member@gamez.com')[0m


Processing UsersController#index (for 127.0.0.1 at 2011-03-07 10:46:00) [GET]
  [4;36;1mUser Load (0.3ms)[0m   [0;1mSELECT * FROM "users" [0m
Rendering users/index
Completed in 15ms (View: 5, DB: 0) | 200 OK [http://localhost/]


Processing GamesController#index (for 127.0.0.1 at 2011-03-07 10:49:06) [GET]
  [4;35;1mGame Load (0.0ms)[0m   [0mSQLite3::SQLException: no such table: games: SELECT * FROM "games" [0m

ActiveRecord::StatementInvalid (SQLite3::SQLException: no such table: games: SELECT * FROM "games" ):
  app/controllers/games_controller.rb:3:in `index'
  haml (3.0.25) rails/./lib/sass/plugin/rack.rb:41:in `call'
  /System/Library/Frameworks/Ruby.framework/Versions/1.8/usr/lib/ruby/1.8/webrick/httpserver.rb:104:in `service'
  /System/Library/Frameworks/Ruby.framework/Versions/1.8/usr/lib/ruby/1.8/webrick/httpserver.rb:65:in `run'
  /System/Library/Frameworks/Ruby.framework/Versions/1.8/usr/lib/ruby/1.8/webrick/server.rb:173:in `start_thread'
  /System/Library/Frameworks/Ruby.framework/Versions/1.8/usr/lib/ruby/1.8/webrick/server.rb:162:in `start'
  /System/Library/Frameworks/Ruby.framework/Versions/1.8/usr/lib/ruby/1.8/webrick/server.rb:162:in `start_thread'
  /System/Library/Frameworks/Ruby.framework/Versions/1.8/usr/lib/ruby/1.8/webrick/server.rb:95:in `start'
  /System/Library/Frameworks/Ruby.framework/Versions/1.8/usr/lib/ruby/1.8/webrick/server.rb:92:in `each'
  /System/Library/Frameworks/Ruby.framework/Versions/1.8/usr/lib/ruby/1.8/webrick/server.rb:92:in `start'
  /System/Library/Frameworks/Ruby.framework/Versions/1.8/usr/lib/ruby/1.8/webrick/server.rb:23:in `start'
  /System/Library/Frameworks/Ruby.framework/Versions/1.8/usr/lib/ruby/1.8/webrick/server.rb:82:in `start'

Rendered rescues/_trace (36.0ms)
Rendered rescues/_request_and_response (1.1ms)
Rendering rescues/layout (internal_server_error)
  [4;36;1mSQL (0.4ms)[0m   [0;1m SELECT name
 FROM sqlite_master
 WHERE type = 'table' AND NOT name = 'sqlite_sequence'
[0m
  [4;35;1mSQL (0.1ms)[0m   [0mSELECT version FROM schema_migrations[0m
Migrating to CreateUsers (20110307154307)
Migrating to CreateRoles (20110307165553)
Migrating to CreateGames (20110307174849)
  [4;36;1mSQL (0.1ms)[0m   [0;1mselect sqlite_version(*)[0m
  [4;35;1mSQL (0.5ms)[0m   [0mCREATE TABLE "games" ("id" INTEGER PRIMARY KEY AUTOINCREMENT NOT NULL, "title" varchar(255), "rating" integer, "user_id" integer, "created_at" datetime, "updated_at" datetime) [0m
  [4;36;1mSQL (0.1ms)[0m   [0;1mINSERT INTO schema_migrations (version) VALUES ('20110307174849')[0m
  [4;35;1mSQL (0.3ms)[0m   [0m SELECT name
 FROM sqlite_master
 WHERE type = 'table' AND NOT name = 'sqlite_sequence'
[0m
  [4;36;1mSQL (0.1ms)[0m   [0;1mSELECT version FROM schema_migrations[0m
  [4;35;1mSQL (0.1ms)[0m   [0m SELECT name
 FROM sqlite_master
 WHERE type = 'table' AND NOT name = 'sqlite_sequence'
[0m
  [4;36;1mSQL (0.0ms)[0m   [0;1mPRAGMA index_list("games")[0m
  [4;35;1mSQL (0.0ms)[0m   [0mPRAGMA index_list("roles")[0m
  [4;36;1mSQL (0.0ms)[0m   [0;1mPRAGMA index_list("users")[0m


Processing GamesController#index (for 127.0.0.1 at 2011-03-07 10:49:53) [GET]
  [4;36;1mGame Load (0.4ms)[0m   [0;1mSELECT * FROM "games" [0m
Rendering games/index

ActionView::TemplateError (undefined method `title' for #<ActionView::Base:0x1032f7278>) on line #1 of app/views/games/index.html.haml:
1: - title "Games"
2: 
3: %table
4:   %tr

    app/views/games/index.html.haml:1:in `_run_haml_app47views47games47index46html46haml'
    haml (3.0.25) rails/./lib/haml/helpers/action_view_mods.rb:13:in `render'
    haml (3.0.25) rails/./lib/sass/plugin/rack.rb:41:in `call'
    /System/Library/Frameworks/Ruby.framework/Versions/1.8/usr/lib/ruby/1.8/webrick/httpserver.rb:104:in `service'
    /System/Library/Frameworks/Ruby.framework/Versions/1.8/usr/lib/ruby/1.8/webrick/httpserver.rb:65:in `run'
    /System/Library/Frameworks/Ruby.framework/Versions/1.8/usr/lib/ruby/1.8/webrick/server.rb:173:in `start_thread'
    /System/Library/Frameworks/Ruby.framework/Versions/1.8/usr/lib/ruby/1.8/webrick/server.rb:162:in `start'
    /System/Library/Frameworks/Ruby.framework/Versions/1.8/usr/lib/ruby/1.8/webrick/server.rb:162:in `start_thread'
    /System/Library/Frameworks/Ruby.framework/Versions/1.8/usr/lib/ruby/1.8/webrick/server.rb:95:in `start'
    /System/Library/Frameworks/Ruby.framework/Versions/1.8/usr/lib/ruby/1.8/webrick/server.rb:92:in `each'
    /System/Library/Frameworks/Ruby.framework/Versions/1.8/usr/lib/ruby/1.8/webrick/server.rb:92:in `start'
    /System/Library/Frameworks/Ruby.framework/Versions/1.8/usr/lib/ruby/1.8/webrick/server.rb:23:in `start'
    /System/Library/Frameworks/Ruby.framework/Versions/1.8/usr/lib/ruby/1.8/webrick/server.rb:82:in `start'

Rendered rescues/_trace (116.2ms)
Rendered rescues/_request_and_response (0.3ms)
Rendering rescues/layout (internal_server_error)


Processing GamesController#index (for 127.0.0.1 at 2011-03-07 10:50:44) [GET]
  [4;35;1mGame Load (0.4ms)[0m   [0mSELECT * FROM "games" [0m
Rendering games/index
Completed in 11ms (View: 7, DB: 0) | 200 OK [http://localhost/]


Processing GamesController#index (for 127.0.0.1 at 2011-03-07 10:51:40) [GET]
  [4;36;1mGame Load (0.4ms)[0m   [0;1mSELECT * FROM "games" [0m
Rendering template within layouts/application
Rendering games/index
Completed in 14ms (View: 10, DB: 0) | 200 OK [http://localhost/]


Processing GamesController#index (for 127.0.0.1 at 2011-03-07 10:56:04) [GET]
  [4;35;1mGame Load (0.4ms)[0m   [0mSELECT * FROM "games" [0m
Rendering template within layouts/application
Rendering games/index
Completed in 6ms (View: 2, DB: 0) | 200 OK [http://localhost/]


Processing ApplicationController#index (for 127.0.0.1 at 2011-03-07 10:59:22) [GET]

ActionController::RoutingError (No route matches "/admin" with {:method=>:get}):
  haml (3.0.25) rails/./lib/sass/plugin/rack.rb:41:in `call'
  /System/Library/Frameworks/Ruby.framework/Versions/1.8/usr/lib/ruby/1.8/webrick/httpserver.rb:104:in `service'
  /System/Library/Frameworks/Ruby.framework/Versions/1.8/usr/lib/ruby/1.8/webrick/httpserver.rb:65:in `run'
  /System/Library/Frameworks/Ruby.framework/Versions/1.8/usr/lib/ruby/1.8/webrick/server.rb:173:in `start_thread'
  /System/Library/Frameworks/Ruby.framework/Versions/1.8/usr/lib/ruby/1.8/webrick/server.rb:162:in `start'
  /System/Library/Frameworks/Ruby.framework/Versions/1.8/usr/lib/ruby/1.8/webrick/server.rb:162:in `start_thread'
  /System/Library/Frameworks/Ruby.framework/Versions/1.8/usr/lib/ruby/1.8/webrick/server.rb:95:in `start'
  /System/Library/Frameworks/Ruby.framework/Versions/1.8/usr/lib/ruby/1.8/webrick/server.rb:92:in `each'
  /System/Library/Frameworks/Ruby.framework/Versions/1.8/usr/lib/ruby/1.8/webrick/server.rb:92:in `start'
  /System/Library/Frameworks/Ruby.framework/Versions/1.8/usr/lib/ruby/1.8/webrick/server.rb:23:in `start'
  /System/Library/Frameworks/Ruby.framework/Versions/1.8/usr/lib/ruby/1.8/webrick/server.rb:82:in `start'

Rendering rescues/layout (not_found)


Processing Admin::AdminController#index (for 127.0.0.1 at 2011-03-07 11:00:57) [GET]
Completed in 3ms (View: 1, DB: 0) | 200 OK [http://localhost/admin]


Processing Admin::RolesController#index (for 127.0.0.1 at 2011-03-07 11:01:23) [GET]
  [4;36;1mRole Load (0.5ms)[0m   [0;1mSELECT * FROM "roles" [0m

ActionView::MissingTemplate (Missing template admin/roles/index.erb in view path app/views:/Library/Ruby/Gems/1.8/gems/declarative_authorization-0.5.2/app/views):
  haml (3.0.25) rails/./lib/sass/plugin/rack.rb:41:in `call'
  /System/Library/Frameworks/Ruby.framework/Versions/1.8/usr/lib/ruby/1.8/webrick/httpserver.rb:104:in `service'
  /System/Library/Frameworks/Ruby.framework/Versions/1.8/usr/lib/ruby/1.8/webrick/httpserver.rb:65:in `run'
  /System/Library/Frameworks/Ruby.framework/Versions/1.8/usr/lib/ruby/1.8/webrick/server.rb:173:in `start_thread'
  /System/Library/Frameworks/Ruby.framework/Versions/1.8/usr/lib/ruby/1.8/webrick/server.rb:162:in `start'
  /System/Library/Frameworks/Ruby.framework/Versions/1.8/usr/lib/ruby/1.8/webrick/server.rb:162:in `start_thread'
  /System/Library/Frameworks/Ruby.framework/Versions/1.8/usr/lib/ruby/1.8/webrick/server.rb:95:in `start'
  /System/Library/Frameworks/Ruby.framework/Versions/1.8/usr/lib/ruby/1.8/webrick/server.rb:92:in `each'
  /System/Library/Frameworks/Ruby.framework/Versions/1.8/usr/lib/ruby/1.8/webrick/server.rb:92:in `start'
  /System/Library/Frameworks/Ruby.framework/Versions/1.8/usr/lib/ruby/1.8/webrick/server.rb:23:in `start'
  /System/Library/Frameworks/Ruby.framework/Versions/1.8/usr/lib/ruby/1.8/webrick/server.rb:82:in `start'

Rendering rescues/layout (internal_server_error)


Processing Admin::AdminController#index (for 127.0.0.1 at 2011-03-07 11:02:43) [GET]
Rendering template within layouts/application
Rendering admin/admin/index
Completed in 44ms (View: 42, DB: 0) | 200 OK [http://localhost/admin]


Processing Admin::AdminController#index (for 127.0.0.1 at 2011-03-07 11:03:25) [GET]
Rendering template within layouts/admin
Rendering admin/admin/index
Completed in 9ms (View: 7, DB: 0) | 200 OK [http://localhost/admin]


Processing Admin::RolesController#index (for 127.0.0.1 at 2011-03-07 11:04:48) [GET]
  [4;35;1mRole Load (0.6ms)[0m   [0mSELECT * FROM "roles" [0m

ActionView::MissingTemplate (Missing template admin/roles/index.erb in view path app/views:/Library/Ruby/Gems/1.8/gems/declarative_authorization-0.5.2/app/views):
  haml (3.0.25) rails/./lib/sass/plugin/rack.rb:41:in `call'
  /System/Library/Frameworks/Ruby.framework/Versions/1.8/usr/lib/ruby/1.8/webrick/httpserver.rb:104:in `service'
  /System/Library/Frameworks/Ruby.framework/Versions/1.8/usr/lib/ruby/1.8/webrick/httpserver.rb:65:in `run'
  /System/Library/Frameworks/Ruby.framework/Versions/1.8/usr/lib/ruby/1.8/webrick/server.rb:173:in `start_thread'
  /System/Library/Frameworks/Ruby.framework/Versions/1.8/usr/lib/ruby/1.8/webrick/server.rb:162:in `start'
  /System/Library/Frameworks/Ruby.framework/Versions/1.8/usr/lib/ruby/1.8/webrick/server.rb:162:in `start_thread'
  /System/Library/Frameworks/Ruby.framework/Versions/1.8/usr/lib/ruby/1.8/webrick/server.rb:95:in `start'
  /System/Library/Frameworks/Ruby.framework/Versions/1.8/usr/lib/ruby/1.8/webrick/server.rb:92:in `each'
  /System/Library/Frameworks/Ruby.framework/Versions/1.8/usr/lib/ruby/1.8/webrick/server.rb:92:in `start'
  /System/Library/Frameworks/Ruby.framework/Versions/1.8/usr/lib/ruby/1.8/webrick/server.rb:23:in `start'
  /System/Library/Frameworks/Ruby.framework/Versions/1.8/usr/lib/ruby/1.8/webrick/server.rb:82:in `start'

Rendering rescues/layout (internal_server_error)


Processing Admin::RolesController#index (for 127.0.0.1 at 2011-03-07 11:06:01) [GET]
  [4;36;1mRole Load (0.5ms)[0m   [0;1mSELECT * FROM "roles" [0m
Rendering template within layouts/admin
Rendering admin/roles/index

ActionView::TemplateError (undefined method `user_id' for #<Role:0x1032bf940>) on line #10 of app/views/admin/roles/index.html.haml:
7:   - for role in @roles
8:     %tr
9:       %td= h role.name
10:       %td= h role.user_id
11:       %td= link_to 'Show', role
12:       %td= link_to 'Edit', edit_role_path(role)
13:       %td= link_to 'Destroy', role, :confirm => 'Are you sure?', :method => :delete

    app/views/admin/roles/index.html.haml:10:in `_run_haml_app47views47admin47roles47index46html46haml'
    app/views/admin/roles/index.html.haml:7:in `each'
    app/views/admin/roles/index.html.haml:7:in `_run_haml_app47views47admin47roles47index46html46haml'
    haml (3.0.25) rails/./lib/haml/helpers/action_view_mods.rb:13:in `render'
    haml (3.0.25) rails/./lib/haml/helpers/action_view_mods.rb:13:in `render'
    haml (3.0.25) rails/./lib/sass/plugin/rack.rb:41:in `call'
    /System/Library/Frameworks/Ruby.framework/Versions/1.8/usr/lib/ruby/1.8/webrick/httpserver.rb:104:in `service'
    /System/Library/Frameworks/Ruby.framework/Versions/1.8/usr/lib/ruby/1.8/webrick/httpserver.rb:65:in `run'
    /System/Library/Frameworks/Ruby.framework/Versions/1.8/usr/lib/ruby/1.8/webrick/server.rb:173:in `start_thread'
    /System/Library/Frameworks/Ruby.framework/Versions/1.8/usr/lib/ruby/1.8/webrick/server.rb:162:in `start'
    /System/Library/Frameworks/Ruby.framework/Versions/1.8/usr/lib/ruby/1.8/webrick/server.rb:162:in `start_thread'
    /System/Library/Frameworks/Ruby.framework/Versions/1.8/usr/lib/ruby/1.8/webrick/server.rb:95:in `start'
    /System/Library/Frameworks/Ruby.framework/Versions/1.8/usr/lib/ruby/1.8/webrick/server.rb:92:in `each'
    /System/Library/Frameworks/Ruby.framework/Versions/1.8/usr/lib/ruby/1.8/webrick/server.rb:92:in `start'
    /System/Library/Frameworks/Ruby.framework/Versions/1.8/usr/lib/ruby/1.8/webrick/server.rb:23:in `start'
    /System/Library/Frameworks/Ruby.framework/Versions/1.8/usr/lib/ruby/1.8/webrick/server.rb:82:in `start'

Rendered rescues/_trace (38.0ms)
Rendered rescues/_request_and_response (0.3ms)
Rendering rescues/layout (internal_server_error)


Processing Admin::RolesController#index (for 127.0.0.1 at 2011-03-07 11:07:38) [GET]
  [4;35;1mRole Load (0.5ms)[0m   [0mSELECT * FROM "roles" [0m
Rendering template within layouts/admin
Rendering admin/roles/index
Completed in 18ms (View: 12, DB: 0) | 200 OK [http://localhost/admin/roles]


Processing Admin::RolesController#index (for 127.0.0.1 at 2011-03-07 11:08:46) [GET]
  [4;36;1mRole Load (0.6ms)[0m   [0;1mSELECT * FROM "roles" [0m
Rendering template within layouts/admin
Rendering admin/roles/index
Completed in 13ms (View: 7, DB: 1) | 200 OK [http://localhost/admin/roles]


Processing ApplicationController#destroy (for 127.0.0.1 at 2011-03-07 11:08:53) [DELETE]
  Parameters: {"authenticity_token"=>"1j3ERi5AypdowfL8CTzR2ulrhyHPPCr8r0vOj7zN6Xk=", "id"=>"6"}

NameError (uninitialized constant RolesController):
  haml (3.0.25) rails/./lib/sass/plugin/rack.rb:41:in `call'
  /System/Library/Frameworks/Ruby.framework/Versions/1.8/usr/lib/ruby/1.8/webrick/httpserver.rb:104:in `service'
  /System/Library/Frameworks/Ruby.framework/Versions/1.8/usr/lib/ruby/1.8/webrick/httpserver.rb:65:in `run'
  /System/Library/Frameworks/Ruby.framework/Versions/1.8/usr/lib/ruby/1.8/webrick/server.rb:173:in `start_thread'
  /System/Library/Frameworks/Ruby.framework/Versions/1.8/usr/lib/ruby/1.8/webrick/server.rb:162:in `start'
  /System/Library/Frameworks/Ruby.framework/Versions/1.8/usr/lib/ruby/1.8/webrick/server.rb:162:in `start_thread'
  /System/Library/Frameworks/Ruby.framework/Versions/1.8/usr/lib/ruby/1.8/webrick/server.rb:95:in `start'
  /System/Library/Frameworks/Ruby.framework/Versions/1.8/usr/lib/ruby/1.8/webrick/server.rb:92:in `each'
  /System/Library/Frameworks/Ruby.framework/Versions/1.8/usr/lib/ruby/1.8/webrick/server.rb:92:in `start'
  /System/Library/Frameworks/Ruby.framework/Versions/1.8/usr/lib/ruby/1.8/webrick/server.rb:23:in `start'
  /System/Library/Frameworks/Ruby.framework/Versions/1.8/usr/lib/ruby/1.8/webrick/server.rb:82:in `start'

Rendered rescues/_trace (24.2ms)
Rendered rescues/_request_and_response (0.3ms)
Rendering rescues/layout (internal_server_error)


Processing Admin::RolesController#index (for 127.0.0.1 at 2011-03-07 11:09:06) [GET]
  [4;35;1mRole Load (0.5ms)[0m   [0mSELECT * FROM "roles" [0m
Rendering template within layouts/admin
Rendering admin/roles/index
Completed in 88ms (View: 6, DB: 1) | 200 OK [http://localhost/admin/roles]


Processing Admin::RolesController#index (for 127.0.0.1 at 2011-03-07 11:09:28) [GET]
  [4;36;1mRole Load (0.5ms)[0m   [0;1mSELECT * FROM "roles" [0m
Rendering template within layouts/admin
Rendering admin/roles/index
Completed in 16ms (View: 11, DB: 1) | 200 OK [http://localhost/admin/roles]


Processing Admin::RolesController#destroy (for 127.0.0.1 at 2011-03-07 11:09:32) [DELETE]
  Parameters: {"authenticity_token"=>"1j3ERi5AypdowfL8CTzR2ulrhyHPPCr8r0vOj7zN6Xk=", "id"=>"6"}
  [4;35;1mRole Load (0.1ms)[0m   [0mSELECT * FROM "roles" WHERE ("roles"."id" = 6) [0m
  [4;36;1mRole Destroy (0.3ms)[0m   [0;1mDELETE FROM "roles" WHERE "id" = 6[0m
Redirected to http://localhost:3000/admin/roles
Completed in 11ms (DB: 0) | 302 Found [http://localhost/admin/roles/6]


Processing Admin::RolesController#index (for 127.0.0.1 at 2011-03-07 11:09:32) [GET]
  [4;35;1mRole Load (0.5ms)[0m   [0mSELECT * FROM "roles" [0m
Rendering template within layouts/admin
Rendering admin/roles/index
Completed in 11ms (View: 5, DB: 1) | 200 OK [http://localhost/admin/roles]


Processing Admin::RolesController#show (for 127.0.0.1 at 2011-03-07 11:09:41) [GET]
  Parameters: {"id"=>"5"}
  [4;36;1mRole Load (0.2ms)[0m   [0;1mSELECT * FROM "roles" WHERE ("roles"."id" = 5) [0m
Rendering template within layouts/admin
Rendering admin/roles/show

ActionView::TemplateError (undefined method `title' for #<ActionView::Base:0x102fdb878>) on line #1 of app/views/admin/roles/show.html.haml:
1: - title "Role"
2: 
3: %p
4:   %strong Name:

    app/views/admin/roles/show.html.haml:1:in `_run_haml_app47views47admin47roles47show46html46haml'
    haml (3.0.25) rails/./lib/haml/helpers/action_view_mods.rb:13:in `render'
    haml (3.0.25) rails/./lib/haml/helpers/action_view_mods.rb:13:in `render'
    haml (3.0.25) rails/./lib/sass/plugin/rack.rb:41:in `call'
    /System/Library/Frameworks/Ruby.framework/Versions/1.8/usr/lib/ruby/1.8/webrick/httpserver.rb:104:in `service'
    /System/Library/Frameworks/Ruby.framework/Versions/1.8/usr/lib/ruby/1.8/webrick/httpserver.rb:65:in `run'
    /System/Library/Frameworks/Ruby.framework/Versions/1.8/usr/lib/ruby/1.8/webrick/server.rb:173:in `start_thread'
    /System/Library/Frameworks/Ruby.framework/Versions/1.8/usr/lib/ruby/1.8/webrick/server.rb:162:in `start'
    /System/Library/Frameworks/Ruby.framework/Versions/1.8/usr/lib/ruby/1.8/webrick/server.rb:162:in `start_thread'
    /System/Library/Frameworks/Ruby.framework/Versions/1.8/usr/lib/ruby/1.8/webrick/server.rb:95:in `start'
    /System/Library/Frameworks/Ruby.framework/Versions/1.8/usr/lib/ruby/1.8/webrick/server.rb:92:in `each'
    /System/Library/Frameworks/Ruby.framework/Versions/1.8/usr/lib/ruby/1.8/webrick/server.rb:92:in `start'
    /System/Library/Frameworks/Ruby.framework/Versions/1.8/usr/lib/ruby/1.8/webrick/server.rb:23:in `start'
    /System/Library/Frameworks/Ruby.framework/Versions/1.8/usr/lib/ruby/1.8/webrick/server.rb:82:in `start'

Rendered rescues/_trace (36.0ms)
Rendered rescues/_request_and_response (0.3ms)
Rendering rescues/layout (internal_server_error)


Processing Admin::RolesController#show (for 127.0.0.1 at 2011-03-07 11:10:22) [GET]
  Parameters: {"id"=>"5"}
  [4;35;1mRole Load (0.1ms)[0m   [0mSELECT * FROM "roles" WHERE ("roles"."id" = 5) [0m
Rendering template within layouts/admin
Rendering admin/roles/show
Completed in 14ms (View: 8, DB: 0) | 200 OK [http://localhost/admin/roles/5]


Processing Admin::RolesController#new (for 127.0.0.1 at 2011-03-07 11:10:30) [GET]
Rendering template within layouts/admin
Rendering admin/roles/new

ActionView::TemplateError (undefined method `title' for #<ActionView::Base:0x102f07258>) on line #1 of app/views/admin/roles/new.html.haml:
1: - title "New Role"
2: 
3: = render :partial => 'form'
4: 

    app/views/admin/roles/new.html.haml:1:in `_run_haml_app47views47admin47roles47new46html46haml'
    haml (3.0.25) rails/./lib/haml/helpers/action_view_mods.rb:13:in `render'
    haml (3.0.25) rails/./lib/haml/helpers/action_view_mods.rb:13:in `render'
    haml (3.0.25) rails/./lib/sass/plugin/rack.rb:41:in `call'
    /System/Library/Frameworks/Ruby.framework/Versions/1.8/usr/lib/ruby/1.8/webrick/httpserver.rb:104:in `service'
    /System/Library/Frameworks/Ruby.framework/Versions/1.8/usr/lib/ruby/1.8/webrick/httpserver.rb:65:in `run'
    /System/Library/Frameworks/Ruby.framework/Versions/1.8/usr/lib/ruby/1.8/webrick/server.rb:173:in `start_thread'
    /System/Library/Frameworks/Ruby.framework/Versions/1.8/usr/lib/ruby/1.8/webrick/server.rb:162:in `start'
    /System/Library/Frameworks/Ruby.framework/Versions/1.8/usr/lib/ruby/1.8/webrick/server.rb:162:in `start_thread'
    /System/Library/Frameworks/Ruby.framework/Versions/1.8/usr/lib/ruby/1.8/webrick/server.rb:95:in `start'
    /System/Library/Frameworks/Ruby.framework/Versions/1.8/usr/lib/ruby/1.8/webrick/server.rb:92:in `each'
    /System/Library/Frameworks/Ruby.framework/Versions/1.8/usr/lib/ruby/1.8/webrick/server.rb:92:in `start'
    /System/Library/Frameworks/Ruby.framework/Versions/1.8/usr/lib/ruby/1.8/webrick/server.rb:23:in `start'
    /System/Library/Frameworks/Ruby.framework/Versions/1.8/usr/lib/ruby/1.8/webrick/server.rb:82:in `start'

Rendered rescues/_trace (36.0ms)
Rendered rescues/_request_and_response (0.3ms)
Rendering rescues/layout (internal_server_error)


Processing Admin::RolesController#new (for 127.0.0.1 at 2011-03-07 11:10:54) [GET]
Rendering template within layouts/admin
Rendering admin/roles/new

ActionView::TemplateError (undefined method `user_id' for #<Role id: nil, name: nil, created_at: nil, updated_at: nil>) on line #10 of app/views/admin/roles/_form.html.haml:
7:   %p
8:     = f.label :user_id
9:     %br
10:     = f.text_field :user_id
11:   %p
12:     = f.submit

    app/views/admin/roles/_form.html.haml:10:in `_run_haml_app47views47admin47roles47_form46html46haml_locals_form_object'
    haml (3.0.25) rails/./lib/haml/helpers/action_view_mods.rb:229:in `call'
    haml (3.0.25) rails/./lib/haml/helpers/action_view_mods.rb:229:in `form_for'
    haml (3.0.25) lib/haml/helpers.rb:588:in `call'
    haml (3.0.25) lib/haml/helpers.rb:588:in `haml_bind_proc'
    haml (3.0.25) rails/./lib/haml/helpers/action_view_mods.rb:235:in `form_for'
    app/views/admin/roles/_form.html.haml:1:in `_run_haml_app47views47admin47roles47_form46html46haml_locals_form_object'
    haml (3.0.25) rails/./lib/haml/helpers/action_view_mods.rb:11:in `render'
    haml (3.0.25) lib/haml/helpers.rb:90:in `non_haml'
    haml (3.0.25) rails/./lib/haml/helpers/action_view_mods.rb:11:in `render'
    app/views/admin/roles/new.html.haml:1:in `_run_haml_app47views47admin47roles47new46html46haml'
    haml (3.0.25) rails/./lib/haml/helpers/action_view_mods.rb:13:in `render'
    haml (3.0.25) rails/./lib/haml/helpers/action_view_mods.rb:13:in `render'
    haml (3.0.25) rails/./lib/sass/plugin/rack.rb:41:in `call'
    /System/Library/Frameworks/Ruby.framework/Versions/1.8/usr/lib/ruby/1.8/webrick/httpserver.rb:104:in `service'
    /System/Library/Frameworks/Ruby.framework/Versions/1.8/usr/lib/ruby/1.8/webrick/httpserver.rb:65:in `run'
    /System/Library/Frameworks/Ruby.framework/Versions/1.8/usr/lib/ruby/1.8/webrick/server.rb:173:in `start_thread'
    /System/Library/Frameworks/Ruby.framework/Versions/1.8/usr/lib/ruby/1.8/webrick/server.rb:162:in `start'
    /System/Library/Frameworks/Ruby.framework/Versions/1.8/usr/lib/ruby/1.8/webrick/server.rb:162:in `start_thread'
    /System/Library/Frameworks/Ruby.framework/Versions/1.8/usr/lib/ruby/1.8/webrick/server.rb:95:in `start'
    /System/Library/Frameworks/Ruby.framework/Versions/1.8/usr/lib/ruby/1.8/webrick/server.rb:92:in `each'
    /System/Library/Frameworks/Ruby.framework/Versions/1.8/usr/lib/ruby/1.8/webrick/server.rb:92:in `start'
    /System/Library/Frameworks/Ruby.framework/Versions/1.8/usr/lib/ruby/1.8/webrick/server.rb:23:in `start'
    /System/Library/Frameworks/Ruby.framework/Versions/1.8/usr/lib/ruby/1.8/webrick/server.rb:82:in `start'

Rendered rescues/_trace (136.2ms)
Rendered rescues/_request_and_response (0.3ms)
Rendering rescues/layout (internal_server_error)


Processing Admin::RolesController#new (for 127.0.0.1 at 2011-03-07 11:11:06) [GET]
Rendering template within layouts/admin
Rendering admin/roles/new
Rendered admin/roles/_form (6.3ms)
Completed in 17ms (View: 11, DB: 0) | 200 OK [http://localhost/admin/roles/new]


Processing Admin::RolesController#new (for 127.0.0.1 at 2011-03-07 11:11:13) [GET]
Rendering template within layouts/admin
Rendering admin/roles/new
Rendered admin/roles/_form (4.6ms)
Completed in 12ms (View: 6, DB: 0) | 200 OK [http://localhost/admin/roles/new]


Processing Admin::RolesController#new (for 127.0.0.1 at 2011-03-07 11:11:52) [GET]
Rendering template within layouts/admin
Rendering admin/roles/new
Rendered admin/roles/_form (6.1ms)
Completed in 16ms (View: 11, DB: 0) | 200 OK [http://localhost/admin/roles/new]


Processing Admin::RolesController#index (for 127.0.0.1 at 2011-03-07 11:19:18) [GET]
  [4;36;1mRole Load (0.5ms)[0m   [0;1mSELECT * FROM "roles" [0m
Rendering template within layouts/admin
Rendering admin/roles/index
Completed in 11ms (View: 6, DB: 1) | 200 OK [http://localhost/admin/roles]


Processing Admin::GamesController#index (for 127.0.0.1 at 2011-03-07 11:19:23) [GET]
  [4;35;1mGame Load (0.4ms)[0m   [0mSELECT * FROM "games" [0m
Rendering template within layouts/admin
Rendering admin/games/index
Completed in 15ms (View: 10, DB: 0) | 200 OK [http://localhost/admin]


Processing GamesController#index (for 127.0.0.1 at 2011-03-09 12:20:32) [GET]
  [4;36;1mGame Load (0.8ms)[0m   [0;1mSELECT * FROM "games" [0m
Rendering template within layouts/application
Rendering games/index
Completed in 66ms (View: 59, DB: 1) | 200 OK [http://localhost/]


Processing UserSessionsController#new (for 127.0.0.1 at 2011-03-09 12:31:23) [GET]
Rendering template within layouts/application
Rendering user_sessions/new
Completed in 161ms (View: 37, DB: 0) | 200 OK [http://localhost/login]


Processing UserSessionsController#create (for 127.0.0.1 at 2011-03-09 12:31:31) [POST]
  Parameters: {"commit"=>"Save changes", "user_session"=>{"username"=>"member", "password"=>"password"}, "authenticity_token"=>"Xe5OAdMR10c+L3wC6bUmqRdNqfVE71kFDLxfsZ2dGu4="}
  [4;35;1mUser Load (0.3ms)[0m   [0mSELECT * FROM "users" WHERE (LOWER("users".username) = 'member') LIMIT 1[0m
Redirected to http://localhost:3000/
Completed in 395ms (DB: 0) | 302 Found [http://localhost/user_sessions]


Processing GamesController#index (for 127.0.0.1 at 2011-03-09 12:31:31) [GET]
  [4;36;1mGame Load (0.4ms)[0m   [0;1mSELECT * FROM "games" [0m
Rendering template within layouts/application
Rendering games/index
Completed in 7ms (View: 2, DB: 0) | 200 OK [http://localhost/]


Processing ApplicationController#index (for 127.0.0.1 at 2011-03-09 12:31:43) [GET]

NameError (undefined local variable or method `acts_as_authentic' for Members::MembersController:Class):
  app/controllers/members/members_controller.rb:3
  app/controllers/members/games_controller.rb:1
  haml (3.0.25) rails/./lib/sass/plugin/rack.rb:41:in `call'
  /System/Library/Frameworks/Ruby.framework/Versions/1.8/usr/lib/ruby/1.8/webrick/httpserver.rb:104:in `service'
  /System/Library/Frameworks/Ruby.framework/Versions/1.8/usr/lib/ruby/1.8/webrick/httpserver.rb:65:in `run'
  /System/Library/Frameworks/Ruby.framework/Versions/1.8/usr/lib/ruby/1.8/webrick/server.rb:173:in `start_thread'
  /System/Library/Frameworks/Ruby.framework/Versions/1.8/usr/lib/ruby/1.8/webrick/server.rb:162:in `start'
  /System/Library/Frameworks/Ruby.framework/Versions/1.8/usr/lib/ruby/1.8/webrick/server.rb:162:in `start_thread'
  /System/Library/Frameworks/Ruby.framework/Versions/1.8/usr/lib/ruby/1.8/webrick/server.rb:95:in `start'
  /System/Library/Frameworks/Ruby.framework/Versions/1.8/usr/lib/ruby/1.8/webrick/server.rb:92:in `each'
  /System/Library/Frameworks/Ruby.framework/Versions/1.8/usr/lib/ruby/1.8/webrick/server.rb:92:in `start'
  /System/Library/Frameworks/Ruby.framework/Versions/1.8/usr/lib/ruby/1.8/webrick/server.rb:23:in `start'
  /System/Library/Frameworks/Ruby.framework/Versions/1.8/usr/lib/ruby/1.8/webrick/server.rb:82:in `start'

Rendered rescues/_trace (109.9ms)
Rendered rescues/_request_and_response (1.3ms)
Rendering rescues/layout (internal_server_error)


Processing ApplicationController#index (for 127.0.0.1 at 2011-03-09 12:31:57) [GET]

NameError (undefined local variable or method `acts_as_authentic' for Admin::AdminController:Class):
  app/controllers/admin/admin_controller.rb:3
  app/controllers/admin/games_controller.rb:1
  haml (3.0.25) rails/./lib/sass/plugin/rack.rb:41:in `call'
  /System/Library/Frameworks/Ruby.framework/Versions/1.8/usr/lib/ruby/1.8/webrick/httpserver.rb:104:in `service'
  /System/Library/Frameworks/Ruby.framework/Versions/1.8/usr/lib/ruby/1.8/webrick/httpserver.rb:65:in `run'
  /System/Library/Frameworks/Ruby.framework/Versions/1.8/usr/lib/ruby/1.8/webrick/server.rb:173:in `start_thread'
  /System/Library/Frameworks/Ruby.framework/Versions/1.8/usr/lib/ruby/1.8/webrick/server.rb:162:in `start'
  /System/Library/Frameworks/Ruby.framework/Versions/1.8/usr/lib/ruby/1.8/webrick/server.rb:162:in `start_thread'
  /System/Library/Frameworks/Ruby.framework/Versions/1.8/usr/lib/ruby/1.8/webrick/server.rb:95:in `start'
  /System/Library/Frameworks/Ruby.framework/Versions/1.8/usr/lib/ruby/1.8/webrick/server.rb:92:in `each'
  /System/Library/Frameworks/Ruby.framework/Versions/1.8/usr/lib/ruby/1.8/webrick/server.rb:92:in `start'
  /System/Library/Frameworks/Ruby.framework/Versions/1.8/usr/lib/ruby/1.8/webrick/server.rb:23:in `start'
  /System/Library/Frameworks/Ruby.framework/Versions/1.8/usr/lib/ruby/1.8/webrick/server.rb:82:in `start'

Rendered rescues/_trace (33.5ms)
Rendered rescues/_request_and_response (0.3ms)
Rendering rescues/layout (internal_server_error)


Processing ApplicationController#index (for 127.0.0.1 at 2011-03-09 12:33:24) [GET]

NameError (undefined local variable or method `acts_as_authentic' for Admin::AdminController:Class):
  app/controllers/admin/admin_controller.rb:3
  app/controllers/admin/roles_controller.rb:1
  haml (3.0.25) rails/./lib/sass/plugin/rack.rb:41:in `call'
  /System/Library/Frameworks/Ruby.framework/Versions/1.8/usr/lib/ruby/1.8/webrick/httpserver.rb:104:in `service'
  /System/Library/Frameworks/Ruby.framework/Versions/1.8/usr/lib/ruby/1.8/webrick/httpserver.rb:65:in `run'
  /System/Library/Frameworks/Ruby.framework/Versions/1.8/usr/lib/ruby/1.8/webrick/server.rb:173:in `start_thread'
  /System/Library/Frameworks/Ruby.framework/Versions/1.8/usr/lib/ruby/1.8/webrick/server.rb:162:in `start'
  /System/Library/Frameworks/Ruby.framework/Versions/1.8/usr/lib/ruby/1.8/webrick/server.rb:162:in `start_thread'
  /System/Library/Frameworks/Ruby.framework/Versions/1.8/usr/lib/ruby/1.8/webrick/server.rb:95:in `start'
  /System/Library/Frameworks/Ruby.framework/Versions/1.8/usr/lib/ruby/1.8/webrick/server.rb:92:in `each'
  /System/Library/Frameworks/Ruby.framework/Versions/1.8/usr/lib/ruby/1.8/webrick/server.rb:92:in `start'
  /System/Library/Frameworks/Ruby.framework/Versions/1.8/usr/lib/ruby/1.8/webrick/server.rb:23:in `start'
  /System/Library/Frameworks/Ruby.framework/Versions/1.8/usr/lib/ruby/1.8/webrick/server.rb:82:in `start'

Rendered rescues/_trace (121.8ms)
Rendered rescues/_request_and_response (0.3ms)
Rendering rescues/layout (internal_server_error)


Processing ApplicationController#index (for 127.0.0.1 at 2011-03-09 12:35:49) [GET]

NameError (undefined local variable or method `acts_as_authentic' for Admin::AdminController:Class):
  app/controllers/admin/admin_controller.rb:3
  app/controllers/admin/roles_controller.rb:1
  haml (3.0.25) rails/./lib/sass/plugin/rack.rb:41:in `call'
  /System/Library/Frameworks/Ruby.framework/Versions/1.8/usr/lib/ruby/1.8/webrick/httpserver.rb:104:in `service'
  /System/Library/Frameworks/Ruby.framework/Versions/1.8/usr/lib/ruby/1.8/webrick/httpserver.rb:65:in `run'
  /System/Library/Frameworks/Ruby.framework/Versions/1.8/usr/lib/ruby/1.8/webrick/server.rb:173:in `start_thread'
  /System/Library/Frameworks/Ruby.framework/Versions/1.8/usr/lib/ruby/1.8/webrick/server.rb:162:in `start'
  /System/Library/Frameworks/Ruby.framework/Versions/1.8/usr/lib/ruby/1.8/webrick/server.rb:162:in `start_thread'
  /System/Library/Frameworks/Ruby.framework/Versions/1.8/usr/lib/ruby/1.8/webrick/server.rb:95:in `start'
  /System/Library/Frameworks/Ruby.framework/Versions/1.8/usr/lib/ruby/1.8/webrick/server.rb:92:in `each'
  /System/Library/Frameworks/Ruby.framework/Versions/1.8/usr/lib/ruby/1.8/webrick/server.rb:92:in `start'
  /System/Library/Frameworks/Ruby.framework/Versions/1.8/usr/lib/ruby/1.8/webrick/server.rb:23:in `start'
  /System/Library/Frameworks/Ruby.framework/Versions/1.8/usr/lib/ruby/1.8/webrick/server.rb:82:in `start'

Rendered rescues/_trace (32.1ms)
Rendered rescues/_request_and_response (1.1ms)
Rendering rescues/layout (internal_server_error)


Processing ApplicationController#index (for 127.0.0.1 at 2011-03-09 12:35:51) [GET]

NameError (undefined local variable or method `acts_as_authentic' for Admin::AdminController:Class):
  app/controllers/admin/admin_controller.rb:3
  app/controllers/admin/roles_controller.rb:1
  haml (3.0.25) rails/./lib/sass/plugin/rack.rb:41:in `call'
  /System/Library/Frameworks/Ruby.framework/Versions/1.8/usr/lib/ruby/1.8/webrick/httpserver.rb:104:in `service'
  /System/Library/Frameworks/Ruby.framework/Versions/1.8/usr/lib/ruby/1.8/webrick/httpserver.rb:65:in `run'
  /System/Library/Frameworks/Ruby.framework/Versions/1.8/usr/lib/ruby/1.8/webrick/server.rb:173:in `start_thread'
  /System/Library/Frameworks/Ruby.framework/Versions/1.8/usr/lib/ruby/1.8/webrick/server.rb:162:in `start'
  /System/Library/Frameworks/Ruby.framework/Versions/1.8/usr/lib/ruby/1.8/webrick/server.rb:162:in `start_thread'
  /System/Library/Frameworks/Ruby.framework/Versions/1.8/usr/lib/ruby/1.8/webrick/server.rb:95:in `start'
  /System/Library/Frameworks/Ruby.framework/Versions/1.8/usr/lib/ruby/1.8/webrick/server.rb:92:in `each'
  /System/Library/Frameworks/Ruby.framework/Versions/1.8/usr/lib/ruby/1.8/webrick/server.rb:92:in `start'
  /System/Library/Frameworks/Ruby.framework/Versions/1.8/usr/lib/ruby/1.8/webrick/server.rb:23:in `start'
  /System/Library/Frameworks/Ruby.framework/Versions/1.8/usr/lib/ruby/1.8/webrick/server.rb:82:in `start'

Rendered rescues/_trace (32.7ms)
Rendered rescues/_request_and_response (0.4ms)
Rendering rescues/layout (internal_server_error)


Processing UserSessionsController#destroy (for 127.0.0.1 at 2011-03-09 12:40:29) [GET]
  [4;36;1mUser Load (0.3ms)[0m   [0;1mSELECT * FROM "users" WHERE ("users"."id" = '2') LIMIT 1[0m
  [4;35;1mCACHE (0.0ms)[0m   [0mSELECT * FROM "users" WHERE ("users"."id" = '2') LIMIT 1[0m
Redirected to http://localhost:3000/
Completed in 20ms (DB: 0) | 302 Found [http://localhost/logout]


Processing GamesController#index (for 127.0.0.1 at 2011-03-09 12:40:29) [GET]
  [4;36;1mGame Load (0.4ms)[0m   [0;1mSELECT * FROM "games" [0m
Rendering template within layouts/application
Rendering games/index
Completed in 23ms (View: 18, DB: 0) | 200 OK [http://localhost/]


Processing ApplicationController#index (for 127.0.0.1 at 2011-03-09 12:40:33) [GET]

NameError (undefined local variable or method `acts_as_authentic' for Admin::AdminController:Class):
  app/controllers/admin/admin_controller.rb:3
  app/controllers/admin/games_controller.rb:1
  haml (3.0.25) rails/./lib/sass/plugin/rack.rb:41:in `call'
  /System/Library/Frameworks/Ruby.framework/Versions/1.8/usr/lib/ruby/1.8/webrick/httpserver.rb:104:in `service'
  /System/Library/Frameworks/Ruby.framework/Versions/1.8/usr/lib/ruby/1.8/webrick/httpserver.rb:65:in `run'
  /System/Library/Frameworks/Ruby.framework/Versions/1.8/usr/lib/ruby/1.8/webrick/server.rb:173:in `start_thread'
  /System/Library/Frameworks/Ruby.framework/Versions/1.8/usr/lib/ruby/1.8/webrick/server.rb:162:in `start'
  /System/Library/Frameworks/Ruby.framework/Versions/1.8/usr/lib/ruby/1.8/webrick/server.rb:162:in `start_thread'
  /System/Library/Frameworks/Ruby.framework/Versions/1.8/usr/lib/ruby/1.8/webrick/server.rb:95:in `start'
  /System/Library/Frameworks/Ruby.framework/Versions/1.8/usr/lib/ruby/1.8/webrick/server.rb:92:in `each'
  /System/Library/Frameworks/Ruby.framework/Versions/1.8/usr/lib/ruby/1.8/webrick/server.rb:92:in `start'
  /System/Library/Frameworks/Ruby.framework/Versions/1.8/usr/lib/ruby/1.8/webrick/server.rb:23:in `start'
  /System/Library/Frameworks/Ruby.framework/Versions/1.8/usr/lib/ruby/1.8/webrick/server.rb:82:in `start'

Rendered rescues/_trace (31.1ms)
Rendered rescues/_request_and_response (0.3ms)
Rendering rescues/layout (internal_server_error)


Processing Admin::GamesController#index (for 127.0.0.1 at 2011-03-09 12:41:03) [GET]
  [4;35;1mGame Load (0.4ms)[0m   [0mSELECT * FROM "games" [0m
Rendering template within layouts/admin
Rendering admin/games/index
Completed in 57ms (View: 51, DB: 0) | 200 OK [http://localhost/admin]


Processing Admin::GamesController#index (for 127.0.0.1 at 2011-03-09 12:45:18) [GET]
Redirected to http://localhost:3000/
Filter chain halted as [:require_user] rendered_or_redirected.
Completed in 11ms (DB: 0) | 302 Found [http://localhost/admin]


Processing GamesController#index (for 127.0.0.1 at 2011-03-09 12:45:18) [GET]
  [4;36;1mGame Load (0.4ms)[0m   [0;1mSELECT * FROM "games" [0m
Rendering template within layouts/application
Rendering games/index
Completed in 7ms (View: 2, DB: 0) | 200 OK [http://localhost/]


Processing UserSessionsController#new (for 127.0.0.1 at 2011-03-09 12:45:25) [GET]
Rendering template within layouts/application
Rendering user_sessions/new
Completed in 22ms (View: 10, DB: 0) | 200 OK [http://localhost/login]


Processing Members::GamesController#index (for 127.0.0.1 at 2011-03-09 12:45:33) [GET]
Redirected to http://localhost:3000/
Filter chain halted as [:require_user] rendered_or_redirected.
Completed in 10ms (DB: 0) | 302 Found [http://localhost/members/]


Processing GamesController#index (for 127.0.0.1 at 2011-03-09 12:45:33) [GET]
  [4;35;1mGame Load (0.4ms)[0m   [0mSELECT * FROM "games" [0m
Rendering template within layouts/application
Rendering games/index
Completed in 6ms (View: 2, DB: 0) | 200 OK [http://localhost/]


Processing UserSessionsController#new (for 127.0.0.1 at 2011-03-09 12:45:37) [GET]
Rendering template within layouts/application
Rendering user_sessions/new
Completed in 14ms (View: 4, DB: 0) | 200 OK [http://localhost/login]


Processing UserSessionsController#create (for 127.0.0.1 at 2011-03-09 12:45:41) [POST]
  Parameters: {"commit"=>"Save changes", "user_session"=>{"username"=>"member", "password"=>"password"}, "authenticity_token"=>"Xe5OAdMR10c+L3wC6bUmqRdNqfVE71kFDLxfsZ2dGu4="}
  [4;36;1mUser Load (0.3ms)[0m   [0;1mSELECT * FROM "users" WHERE (LOWER("users".username) = 'member') LIMIT 1[0m
Redirected to http://localhost:3000/
Completed in 166ms (DB: 0) | 302 Found [http://localhost/user_sessions]


Processing GamesController#index (for 127.0.0.1 at 2011-03-09 12:45:41) [GET]
  [4;35;1mGame Load (0.4ms)[0m   [0mSELECT * FROM "games" [0m
Rendering template within layouts/application
Rendering games/index
Completed in 7ms (View: 2, DB: 0) | 200 OK [http://localhost/]


Processing Members::GamesController#index (for 127.0.0.1 at 2011-03-09 12:45:46) [GET]
  [4;36;1mUser Load (0.3ms)[0m   [0;1mSELECT * FROM "users" WHERE ("users"."id" = '2') LIMIT 1[0m

NoMethodError (undefined method `name' for nil:NilClass):
  app/models/user.rb:7:in `role_symbols'
  /Library/Ruby/Gems/1.8/gems/declarative_authorization-0.5.2/lib/declarative_authorization/authorization.rb:238:in `roles_for'
  /Library/Ruby/Gems/1.8/gems/declarative_authorization-0.5.2/lib/declarative_authorization/authorization.rb:292:in `user_roles_privleges_from_options'
  /Library/Ruby/Gems/1.8/gems/declarative_authorization-0.5.2/lib/declarative_authorization/authorization.rb:155:in `permit!'
  /Library/Ruby/Gems/1.8/gems/declarative_authorization-0.5.2/lib/declarative_authorization/in_controller.rb:586:in `permit!'
  /Library/Ruby/Gems/1.8/gems/declarative_authorization-0.5.2/lib/declarative_authorization/in_controller.rb:111:in `filter_access_filter'
  /Library/Ruby/Gems/1.8/gems/declarative_authorization-0.5.2/lib/declarative_authorization/in_controller.rb:111:in `each'
  /Library/Ruby/Gems/1.8/gems/declarative_authorization-0.5.2/lib/declarative_authorization/in_controller.rb:111:in `all?'
  /Library/Ruby/Gems/1.8/gems/declarative_authorization-0.5.2/lib/declarative_authorization/in_controller.rb:111:in `filter_access_filter'
  haml (3.0.25) rails/./lib/sass/plugin/rack.rb:41:in `call'
  /System/Library/Frameworks/Ruby.framework/Versions/1.8/usr/lib/ruby/1.8/webrick/httpserver.rb:104:in `service'
  /System/Library/Frameworks/Ruby.framework/Versions/1.8/usr/lib/ruby/1.8/webrick/httpserver.rb:65:in `run'
  /System/Library/Frameworks/Ruby.framework/Versions/1.8/usr/lib/ruby/1.8/webrick/server.rb:173:in `start_thread'
  /System/Library/Frameworks/Ruby.framework/Versions/1.8/usr/lib/ruby/1.8/webrick/server.rb:162:in `start'
  /System/Library/Frameworks/Ruby.framework/Versions/1.8/usr/lib/ruby/1.8/webrick/server.rb:162:in `start_thread'
  /System/Library/Frameworks/Ruby.framework/Versions/1.8/usr/lib/ruby/1.8/webrick/server.rb:95:in `start'
  /System/Library/Frameworks/Ruby.framework/Versions/1.8/usr/lib/ruby/1.8/webrick/server.rb:92:in `each'
  /System/Library/Frameworks/Ruby.framework/Versions/1.8/usr/lib/ruby/1.8/webrick/server.rb:92:in `start'
  /System/Library/Frameworks/Ruby.framework/Versions/1.8/usr/lib/ruby/1.8/webrick/server.rb:23:in `start'
  /System/Library/Frameworks/Ruby.framework/Versions/1.8/usr/lib/ruby/1.8/webrick/server.rb:82:in `start'

Rendered rescues/_trace (37.2ms)
Rendered rescues/_request_and_response (0.3ms)
Rendering rescues/layout (internal_server_error)
  [4;36;1mRole Load (22.3ms)[0m   [0;1mSELECT * FROM "roles" [0m
  [4;35;1mUser Load (0.3ms)[0m   [0mSELECT * FROM "users" [0m
  [4;36;1mRole Create (10.0ms)[0m   [0;1mINSERT INTO "roles" ("name", "created_at", "updated_at") VALUES('admin', '2011-03-09 19:49:33', '2011-03-09 19:49:33')[0m
  [4;35;1mRole Create (0.4ms)[0m   [0mINSERT INTO "roles" ("name", "created_at", "updated_at") VALUES('member', '2011-03-09 19:49:33', '2011-03-09 19:49:33')[0m
  [4;36;1mUser Load (0.3ms)[0m   [0;1mSELECT "users".id FROM "users" WHERE (LOWER("users"."email") = 'admin@gamez.com') LIMIT 1[0m
  [4;35;1mUser Load (0.1ms)[0m   [0mSELECT "users".id FROM "users" WHERE (LOWER("users"."username") = 'admin') LIMIT 1[0m
  [4;36;1mUser Load (0.1ms)[0m   [0;1mSELECT "users".id FROM "users" WHERE ("users"."persistence_token" = 'f71e2e95edc46a11687a5f968f564586b88b59b993c010eff97a259c8378a072d7da84f84425a651eb2af17d54e085f8ebd0d39595c71de5417af6d8ce398e4f') LIMIT 1[0m
  [4;35;1mUser Load (0.1ms)[0m   [0mSELECT "users".id FROM "users" WHERE (LOWER("users"."email") = 'member@gamez.com') LIMIT 1[0m
  [4;36;1mUser Load (0.1ms)[0m   [0;1mSELECT "users".id FROM "users" WHERE (LOWER("users"."username") = 'member') LIMIT 1[0m
  [4;35;1mUser Load (0.1ms)[0m   [0mSELECT "users".id FROM "users" WHERE ("users"."persistence_token" = 'f790d978dea34a3f48597ba1f0517c917262e2b2d0767efa2f4aac93cf0632083c5dd8ffe851b0f7412a393085baf1fa002ccdcb21cd41f553b010ff261d98f0') LIMIT 1[0m


Processing Members::GamesController#index (for 127.0.0.1 at 2011-03-09 12:49:37) [GET]
  [4;35;1mUser Load (0.3ms)[0m   [0mSELECT * FROM "users" WHERE ("users"."id" = '2') LIMIT 1[0m

NoMethodError (undefined method `name' for nil:NilClass):
  app/models/user.rb:7:in `role_symbols'
  /Library/Ruby/Gems/1.8/gems/declarative_authorization-0.5.2/lib/declarative_authorization/authorization.rb:238:in `roles_for'
  /Library/Ruby/Gems/1.8/gems/declarative_authorization-0.5.2/lib/declarative_authorization/authorization.rb:292:in `user_roles_privleges_from_options'
  /Library/Ruby/Gems/1.8/gems/declarative_authorization-0.5.2/lib/declarative_authorization/authorization.rb:155:in `permit!'
  /Library/Ruby/Gems/1.8/gems/declarative_authorization-0.5.2/lib/declarative_authorization/in_controller.rb:586:in `permit!'
  /Library/Ruby/Gems/1.8/gems/declarative_authorization-0.5.2/lib/declarative_authorization/in_controller.rb:111:in `filter_access_filter'
  /Library/Ruby/Gems/1.8/gems/declarative_authorization-0.5.2/lib/declarative_authorization/in_controller.rb:111:in `each'
  /Library/Ruby/Gems/1.8/gems/declarative_authorization-0.5.2/lib/declarative_authorization/in_controller.rb:111:in `all?'
  /Library/Ruby/Gems/1.8/gems/declarative_authorization-0.5.2/lib/declarative_authorization/in_controller.rb:111:in `filter_access_filter'
  haml (3.0.25) rails/./lib/sass/plugin/rack.rb:41:in `call'
  /System/Library/Frameworks/Ruby.framework/Versions/1.8/usr/lib/ruby/1.8/webrick/httpserver.rb:104:in `service'
  /System/Library/Frameworks/Ruby.framework/Versions/1.8/usr/lib/ruby/1.8/webrick/httpserver.rb:65:in `run'
  /System/Library/Frameworks/Ruby.framework/Versions/1.8/usr/lib/ruby/1.8/webrick/server.rb:173:in `start_thread'
  /System/Library/Frameworks/Ruby.framework/Versions/1.8/usr/lib/ruby/1.8/webrick/server.rb:162:in `start'
  /System/Library/Frameworks/Ruby.framework/Versions/1.8/usr/lib/ruby/1.8/webrick/server.rb:162:in `start_thread'
  /System/Library/Frameworks/Ruby.framework/Versions/1.8/usr/lib/ruby/1.8/webrick/server.rb:95:in `start'
  /System/Library/Frameworks/Ruby.framework/Versions/1.8/usr/lib/ruby/1.8/webrick/server.rb:92:in `each'
  /System/Library/Frameworks/Ruby.framework/Versions/1.8/usr/lib/ruby/1.8/webrick/server.rb:92:in `start'
  /System/Library/Frameworks/Ruby.framework/Versions/1.8/usr/lib/ruby/1.8/webrick/server.rb:23:in `start'
  /System/Library/Frameworks/Ruby.framework/Versions/1.8/usr/lib/ruby/1.8/webrick/server.rb:82:in `start'

Rendered rescues/_trace (36.8ms)
Rendered rescues/_request_and_response (0.4ms)
Rendering rescues/layout (internal_server_error)


Processing Members::GamesController#index (for 127.0.0.1 at 2011-03-09 12:49:38) [GET]
  [4;36;1mUser Load (0.4ms)[0m   [0;1mSELECT * FROM "users" WHERE ("users"."id" = '2') LIMIT 1[0m

NoMethodError (undefined method `name' for nil:NilClass):
  app/models/user.rb:7:in `role_symbols'
  /Library/Ruby/Gems/1.8/gems/declarative_authorization-0.5.2/lib/declarative_authorization/authorization.rb:238:in `roles_for'
  /Library/Ruby/Gems/1.8/gems/declarative_authorization-0.5.2/lib/declarative_authorization/authorization.rb:292:in `user_roles_privleges_from_options'
  /Library/Ruby/Gems/1.8/gems/declarative_authorization-0.5.2/lib/declarative_authorization/authorization.rb:155:in `permit!'
  /Library/Ruby/Gems/1.8/gems/declarative_authorization-0.5.2/lib/declarative_authorization/in_controller.rb:586:in `permit!'
  /Library/Ruby/Gems/1.8/gems/declarative_authorization-0.5.2/lib/declarative_authorization/in_controller.rb:111:in `filter_access_filter'
  /Library/Ruby/Gems/1.8/gems/declarative_authorization-0.5.2/lib/declarative_authorization/in_controller.rb:111:in `each'
  /Library/Ruby/Gems/1.8/gems/declarative_authorization-0.5.2/lib/declarative_authorization/in_controller.rb:111:in `all?'
  /Library/Ruby/Gems/1.8/gems/declarative_authorization-0.5.2/lib/declarative_authorization/in_controller.rb:111:in `filter_access_filter'
  haml (3.0.25) rails/./lib/sass/plugin/rack.rb:41:in `call'
  /System/Library/Frameworks/Ruby.framework/Versions/1.8/usr/lib/ruby/1.8/webrick/httpserver.rb:104:in `service'
  /System/Library/Frameworks/Ruby.framework/Versions/1.8/usr/lib/ruby/1.8/webrick/httpserver.rb:65:in `run'
  /System/Library/Frameworks/Ruby.framework/Versions/1.8/usr/lib/ruby/1.8/webrick/server.rb:173:in `start_thread'
  /System/Library/Frameworks/Ruby.framework/Versions/1.8/usr/lib/ruby/1.8/webrick/server.rb:162:in `start'
  /System/Library/Frameworks/Ruby.framework/Versions/1.8/usr/lib/ruby/1.8/webrick/server.rb:162:in `start_thread'
  /System/Library/Frameworks/Ruby.framework/Versions/1.8/usr/lib/ruby/1.8/webrick/server.rb:95:in `start'
  /System/Library/Frameworks/Ruby.framework/Versions/1.8/usr/lib/ruby/1.8/webrick/server.rb:92:in `each'
  /System/Library/Frameworks/Ruby.framework/Versions/1.8/usr/lib/ruby/1.8/webrick/server.rb:92:in `start'
  /System/Library/Frameworks/Ruby.framework/Versions/1.8/usr/lib/ruby/1.8/webrick/server.rb:23:in `start'
  /System/Library/Frameworks/Ruby.framework/Versions/1.8/usr/lib/ruby/1.8/webrick/server.rb:82:in `start'

Rendered rescues/_trace (35.2ms)
Rendered rescues/_request_and_response (0.4ms)
Rendering rescues/layout (internal_server_error)


Processing GamesController#index (for 127.0.0.1 at 2011-03-09 12:49:42) [GET]
  [4;35;1mGame Load (0.4ms)[0m   [0mSELECT * FROM "games" [0m
Rendering template within layouts/application
Rendering games/index
Completed in 7ms (View: 2, DB: 0) | 200 OK [http://localhost/]
  [4;36;1mUser Load (0.3ms)[0m   [0;1mSELECT * FROM "users" [0m
  [4;36;1mRole Create (0.7ms)[0m   [0;1mINSERT INTO "roles" ("name", "created_at", "updated_at") VALUES('admin', '2011-03-09 19:51:19', '2011-03-09 19:51:19')[0m
  [4;35;1mRole Create (0.3ms)[0m   [0mINSERT INTO "roles" ("name", "created_at", "updated_at") VALUES('member', '2011-03-09 19:51:19', '2011-03-09 19:51:19')[0m
  [4;36;1mUser Load (0.3ms)[0m   [0;1mSELECT "users".id FROM "users" WHERE (LOWER("users"."email") = 'admin@gamez.com') LIMIT 1[0m
  [4;35;1mUser Load (0.1ms)[0m   [0mSELECT "users".id FROM "users" WHERE (LOWER("users"."username") = 'admin') LIMIT 1[0m
  [4;36;1mUser Load (0.1ms)[0m   [0;1mSELECT "users".id FROM "users" WHERE ("users"."persistence_token" = 'eaba65f2de1cb852a57c4b1382ec5087954c829f8bf5cecabdd0d6298e2de50658f687ea89f470e060079f8665b3f76d51c322a95ca40866091f6360a0fa28f5') LIMIT 1[0m
  [4;35;1mUser Load (0.1ms)[0m   [0mSELECT "users".id FROM "users" WHERE (LOWER("users"."email") = 'member@gamez.com') LIMIT 1[0m
  [4;36;1mUser Load (0.1ms)[0m   [0;1mSELECT "users".id FROM "users" WHERE (LOWER("users"."username") = 'member') LIMIT 1[0m
  [4;35;1mUser Load (0.1ms)[0m   [0mSELECT "users".id FROM "users" WHERE ("users"."persistence_token" = '6cddfc865deac8286c310e4d9266fa360fc037160602cf791823d5583d57d8217525cf57cf6bd315c3b1dda5c31eb93f3aaea1fab6a51b42a144d000a44a24a2') LIMIT 1[0m
  [4;35;1mUser Load (0.3ms)[0m   [0mSELECT * FROM "users" [0m
  [4;36;1mRole Create (0.4ms)[0m   [0;1mINSERT INTO "roles" ("name", "created_at", "updated_at") VALUES('admin', '2011-03-09 19:54:31', '2011-03-09 19:54:31')[0m
  [4;35;1mRole Create (0.3ms)[0m   [0mINSERT INTO "roles" ("name", "created_at", "updated_at") VALUES('member', '2011-03-09 19:54:31', '2011-03-09 19:54:31')[0m
  [4;36;1mUser Load (0.3ms)[0m   [0;1mSELECT "users".id FROM "users" WHERE (LOWER("users"."email") = 'admin@gamez.com') LIMIT 1[0m
  [4;35;1mUser Load (0.1ms)[0m   [0mSELECT "users".id FROM "users" WHERE (LOWER("users"."username") = 'admin') LIMIT 1[0m
  [4;36;1mUser Load (0.1ms)[0m   [0;1mSELECT "users".id FROM "users" WHERE ("users"."persistence_token" = '66b4307fa2982045255ec586dea55ceae83be7c5ba4b9d62cd4213886be71afe1f1a2ee1e37561088195f69f12d26753c4694d0634c698af6384d264fd5c6254') LIMIT 1[0m
  [4;35;1mUser Load (0.1ms)[0m   [0mSELECT "users".id FROM "users" WHERE (LOWER("users"."email") = 'member@gamez.com') LIMIT 1[0m
  [4;36;1mUser Load (0.1ms)[0m   [0;1mSELECT "users".id FROM "users" WHERE (LOWER("users"."username") = 'member') LIMIT 1[0m
  [4;35;1mUser Load (0.1ms)[0m   [0mSELECT "users".id FROM "users" WHERE ("users"."persistence_token" = '3652a16d210860ac5a473cd307c432b8cab7713ce437584dac4dbb1a577ebc9b80f5701bfe4837b184f40c4142dc16146db782a51a52b0574d0c013ec3300e7b') LIMIT 1[0m
  [4;36;1mUser Load (0.3ms)[0m   [0;1mSELECT * FROM "users" [0m
  [4;36;1mRole Create (0.7ms)[0m   [0;1mINSERT INTO "roles" ("name", "created_at", "updated_at") VALUES('admin', '2011-03-09 19:55:25', '2011-03-09 19:55:25')[0m
  [4;35;1mRole Create (0.3ms)[0m   [0mINSERT INTO "roles" ("name", "created_at", "updated_at") VALUES('member', '2011-03-09 19:55:25', '2011-03-09 19:55:25')[0m
WARNING: Can't mass-assign these protected attributes: role_id
  [4;36;1mUser Load (0.3ms)[0m   [0;1mSELECT "users".id FROM "users" WHERE (LOWER("users"."email") = 'admin@gamez.com') LIMIT 1[0m
  [4;35;1mUser Load (0.1ms)[0m   [0mSELECT "users".id FROM "users" WHERE (LOWER("users"."username") = 'admin') LIMIT 1[0m
  [4;36;1mUser Load (0.1ms)[0m   [0;1mSELECT "users".id FROM "users" WHERE ("users"."persistence_token" = '348a78bf9f3d5ef0dfc3eaded077514e602406815d294ba659f9b1b29b73fd463352f78497afd4037de3b35d9f26440c59be20d539dac5e59f306e9e00f6cf9d') LIMIT 1[0m
WARNING: Can't mass-assign these protected attributes: role_id
  [4;35;1mUser Load (0.2ms)[0m   [0mSELECT "users".id FROM "users" WHERE (LOWER("users"."email") = 'member@gamez.com') LIMIT 1[0m
  [4;36;1mUser Load (0.1ms)[0m   [0;1mSELECT "users".id FROM "users" WHERE (LOWER("users"."username") = 'member') LIMIT 1[0m
  [4;35;1mUser Load (0.1ms)[0m   [0mSELECT "users".id FROM "users" WHERE ("users"."persistence_token" = 'e83e0b86bc0ec6412c0353537a515acf9a500bab2c239a4c779e2025c6e2534244d45ccee5f23f6f5c887939e3b77b9616ce66e8957eebfa3aff3d8b7950b7f2') LIMIT 1[0m
  [4;35;1mUser Load (0.3ms)[0m   [0mSELECT * FROM "users" [0m
  [4;36;1mRole Create (0.7ms)[0m   [0;1mINSERT INTO "roles" ("name", "created_at", "updated_at") VALUES('admin', '2011-03-09 19:55:50', '2011-03-09 19:55:50')[0m
  [4;35;1mRole Create (0.3ms)[0m   [0mINSERT INTO "roles" ("name", "created_at", "updated_at") VALUES('member', '2011-03-09 19:55:50', '2011-03-09 19:55:50')[0m
  [4;36;1mUser Load (0.3ms)[0m   [0;1mSELECT "users".id FROM "users" WHERE (LOWER("users"."email") = 'admin@gamez.com') LIMIT 1[0m
  [4;35;1mUser Load (0.1ms)[0m   [0mSELECT "users".id FROM "users" WHERE (LOWER("users"."username") = 'admin') LIMIT 1[0m
  [4;36;1mUser Load (0.1ms)[0m   [0;1mSELECT "users".id FROM "users" WHERE ("users"."persistence_token" = '4e26b947043f6b942a626ef326d24d736fa1f5afe73ab18e206df90899410daa7ce09363df3dbb6c0798c75b84db35677f9b73c0b7456b74d9eb6cffc9f5cce0') LIMIT 1[0m
  [4;35;1mUser Load (0.2ms)[0m   [0mSELECT "users".id FROM "users" WHERE (LOWER("users"."email") = 'member@gamez.com') LIMIT 1[0m
  [4;36;1mUser Load (0.1ms)[0m   [0;1mSELECT "users".id FROM "users" WHERE (LOWER("users"."username") = 'member') LIMIT 1[0m
  [4;35;1mUser Load (0.1ms)[0m   [0mSELECT "users".id FROM "users" WHERE ("users"."persistence_token" = '8375af2dcf86c642c7cfbbd300ca3b1aec7e50e685c2fac988a9eecfc88f9cd4fcbf6af443d763563ae0a544a2175e11a100fa1254a7381524cb6851766cbd50') LIMIT 1[0m
  [4;36;1mUser Load (0.3ms)[0m   [0;1mSELECT * FROM "users" [0m
  [4;35;1mRole Load (0.5ms)[0m   [0mSELECT * FROM "roles" [0m
  [4;36;1mRole Load (0.5ms)[0m   [0;1mSELECT * FROM "roles" [0m
  [4;36;1mUser Delete all (3.2ms)[0m   [0;1mDELETE FROM "users" WHERE 1=1[0m
  [4;35;1mRole Delete all (2.0ms)[0m   [0mDELETE FROM "roles" WHERE 1=1[0m
  [4;36;1mRole Create (0.4ms)[0m   [0;1mINSERT INTO "roles" ("name", "created_at", "updated_at") VALUES('admin', '2011-03-09 19:58:33', '2011-03-09 19:58:33')[0m
  [4;35;1mRole Create (0.2ms)[0m   [0mINSERT INTO "roles" ("name", "created_at", "updated_at") VALUES('member', '2011-03-09 19:58:33', '2011-03-09 19:58:33')[0m
  [4;36;1mUser Load (0.2ms)[0m   [0;1mSELECT "users".id FROM "users" WHERE (LOWER("users"."email") = 'admin@gamez.com') LIMIT 1[0m
  [4;35;1mUser Load (0.1ms)[0m   [0mSELECT "users".id FROM "users" WHERE (LOWER("users"."username") = 'admin') LIMIT 1[0m
  [4;36;1mUser Load (0.1ms)[0m   [0;1mSELECT "users".id FROM "users" WHERE ("users"."persistence_token" = '37d437e9996d8fd1aacfc2071d4f24a3deab11f58f5265dfd27f44019e83a412e26afba3d3dc9e4eecdebeb544f5f9377c64b88f2f7d3fdbc555dfbd56b7d73f') LIMIT 1[0m
  [4;35;1mUser Create (0.3ms)[0m   [0mINSERT INTO "users" ("created_at", "crypted_password", "updated_at", "username", "role_id", "password_salt", "persistence_token", "last_name", "last_login_at", "first_name", "email") VALUES('2011-03-09 19:58:34', '5bc7eff52ff6344f6740ce1c2248b9b9d008687bb971382a5a1575ec4b9b927d9dd53ef6c367426d9364e6dc9557d71df3345c7b71febb145c91df38846c0dc4', '2011-03-09 19:58:34', 'admin', 17, 'gx8phcr0VZB08ZnxsLJ', '37d437e9996d8fd1aacfc2071d4f24a3deab11f58f5265dfd27f44019e83a412e26afba3d3dc9e4eecdebeb544f5f9377c64b88f2f7d3fdbc555dfbd56b7d73f', 'istrator', NULL, 'admin', 'admin@gamez.com')[0m
  [4;36;1mUser Load (0.2ms)[0m   [0;1mSELECT "users".id FROM "users" WHERE (LOWER("users"."email") = 'member@gamez.com') LIMIT 1[0m
  [4;35;1mUser Load (0.1ms)[0m   [0mSELECT "users".id FROM "users" WHERE (LOWER("users"."username") = 'member') LIMIT 1[0m
  [4;36;1mUser Load (0.1ms)[0m   [0;1mSELECT "users".id FROM "users" WHERE ("users"."persistence_token" = 'ab5770c568e9aa00d7075160f20ecf50424bb0cbeb866b2a993628de0fbf111730a24b1fb89815821572099451314c8dbe21c0acf764f2d943019ede316ebff6') LIMIT 1[0m
  [4;35;1mUser Create (0.3ms)[0m   [0mINSERT INTO "users" ("created_at", "crypted_password", "updated_at", "username", "role_id", "password_salt", "persistence_token", "last_name", "last_login_at", "first_name", "email") VALUES('2011-03-09 19:58:34', '0937d2bf5a31cd42cb656792747de4c13ca764f5509e282e30733afc6d81a879e4558e45a22556fff4345ea206bb062be7078df73b2079f0459aa37f7264ddbb', '2011-03-09 19:58:34', 'member', 18, '9x0aGSFuzOlgw9Yo', 'ab5770c568e9aa00d7075160f20ecf50424bb0cbeb866b2a993628de0fbf111730a24b1fb89815821572099451314c8dbe21c0acf764f2d943019ede316ebff6', 'ber', NULL, 'mem', 'member@gamez.com')[0m
  [4;35;1mRole Load (0.3ms)[0m   [0mSELECT * FROM "roles" [0m
  [4;36;1mUser Load (0.3ms)[0m   [0;1mSELECT * FROM "users" [0m


Processing UserSessionsController#new (for 127.0.0.1 at 2011-03-09 12:58:51) [GET]
Rendering template within layouts/application
Rendering user_sessions/new
Completed in 16ms (View: 4, DB: 0) | 200 OK [http://localhost/login]


Processing UserSessionsController#create (for 127.0.0.1 at 2011-03-09 12:58:58) [POST]
  Parameters: {"commit"=>"Save changes", "user_session"=>{"username"=>"member", "password"=>"password"}, "authenticity_token"=>"Xe5OAdMR10c+L3wC6bUmqRdNqfVE71kFDLxfsZ2dGu4="}
  [4;36;1mUser Load (0.3ms)[0m   [0;1mSELECT * FROM "users" WHERE (LOWER("users".username) = 'member') LIMIT 1[0m
Redirected to http://localhost:3000/
Completed in 16ms (DB: 0) | 302 Found [http://localhost/user_sessions]


Processing GamesController#index (for 127.0.0.1 at 2011-03-09 12:58:58) [GET]
  [4;35;1mGame Load (0.4ms)[0m   [0mSELECT * FROM "games" [0m
Rendering template within layouts/application
Rendering games/index
Completed in 7ms (View: 2, DB: 0) | 200 OK [http://localhost/]


Processing Members::GamesController#index (for 127.0.0.1 at 2011-03-09 12:59:03) [GET]
  [4;36;1mUser Load (0.3ms)[0m   [0;1mSELECT * FROM "users" WHERE ("users"."id" = '4') LIMIT 1[0m
  [4;35;1mRole Load (0.2ms)[0m   [0mSELECT * FROM "roles" WHERE ("roles"."id" = 18) [0m
Permission denied: No matching rules found for index for #<User id: 4, username: "member", crypted_password: "0937d2bf5a31cd42cb656792747de4c13ca764f5509e282e307...", password_salt: "9x0aGSFuzOlgw9Yo", persistence_token: "ab5770c568e9aa00d7075160f20ecf50424bb0cbeb866b2a993...", last_login_at: nil, first_name: "mem", last_name: "ber", email: "member@gamez.com", created_at: "2011-03-09 19:58:34", updated_at: "2011-03-09 19:58:34", role_id: 18> (roles [:member], privileges [:index, :read, :manage], context :members_games).
Filter chain halted as [:filter_access_filter] rendered_or_redirected.
Completed in 106ms (View: 1, DB: 0) | 403 Forbidden [http://localhost/members/]


Processing Members::GamesController#index (for 127.0.0.1 at 2011-03-09 13:02:40) [GET]
  [4;36;1mUser Load (0.3ms)[0m   [0;1mSELECT * FROM "users" WHERE ("users"."id" = '4') LIMIT 1[0m
  [4;35;1mRole Load (0.2ms)[0m   [0mSELECT * FROM "roles" WHERE ("roles"."id" = 18) [0m
  [4;36;1mGame Load (0.2ms)[0m   [0;1mSELECT * FROM "games" [0m
Rendering template within layouts/member
Rendering members/games/index
Completed in 69ms (View: 45, DB: 1) | 200 OK [http://localhost/members/]


Processing Admin::GamesController#index (for 127.0.0.1 at 2011-03-09 13:02:55) [GET]
  [4;35;1mUser Load (0.3ms)[0m   [0mSELECT * FROM "users" WHERE ("users"."id" = '4') LIMIT 1[0m
  [4;36;1mRole Load (0.2ms)[0m   [0;1mSELECT * FROM "roles" WHERE ("roles"."id" = 18) [0m
Permission denied: No matching rules found for index for #<User id: 4, username: "member", crypted_password: "0937d2bf5a31cd42cb656792747de4c13ca764f5509e282e307...", password_salt: "9x0aGSFuzOlgw9Yo", persistence_token: "ab5770c568e9aa00d7075160f20ecf50424bb0cbeb866b2a993...", last_login_at: nil, first_name: "mem", last_name: "ber", email: "member@gamez.com", created_at: "2011-03-09 19:58:34", updated_at: "2011-03-09 19:58:34", role_id: 18> (roles [:member], privileges [:index, :read, :manage], context :admin_games).
Filter chain halted as [:filter_access_filter] rendered_or_redirected.
Completed in 21ms (View: 1, DB: 0) | 403 Forbidden [http://localhost/admin/]


Processing ApplicationController#index (for 127.0.0.1 at 2011-03-09 13:19:18) [GET]

ActionController::RoutingError (No route matches "/member/" with {:method=>:get}):
  haml (3.0.25) rails/./lib/sass/plugin/rack.rb:41:in `call'
  /System/Library/Frameworks/Ruby.framework/Versions/1.8/usr/lib/ruby/1.8/webrick/httpserver.rb:104:in `service'
  /System/Library/Frameworks/Ruby.framework/Versions/1.8/usr/lib/ruby/1.8/webrick/httpserver.rb:65:in `run'
  /System/Library/Frameworks/Ruby.framework/Versions/1.8/usr/lib/ruby/1.8/webrick/server.rb:173:in `start_thread'
  /System/Library/Frameworks/Ruby.framework/Versions/1.8/usr/lib/ruby/1.8/webrick/server.rb:162:in `start'
  /System/Library/Frameworks/Ruby.framework/Versions/1.8/usr/lib/ruby/1.8/webrick/server.rb:162:in `start_thread'
  /System/Library/Frameworks/Ruby.framework/Versions/1.8/usr/lib/ruby/1.8/webrick/server.rb:95:in `start'
  /System/Library/Frameworks/Ruby.framework/Versions/1.8/usr/lib/ruby/1.8/webrick/server.rb:92:in `each'
  /System/Library/Frameworks/Ruby.framework/Versions/1.8/usr/lib/ruby/1.8/webrick/server.rb:92:in `start'
  /System/Library/Frameworks/Ruby.framework/Versions/1.8/usr/lib/ruby/1.8/webrick/server.rb:23:in `start'
  /System/Library/Frameworks/Ruby.framework/Versions/1.8/usr/lib/ruby/1.8/webrick/server.rb:82:in `start'

Rendering rescues/layout (not_found)


Processing Members::GamesController#index (for 127.0.0.1 at 2011-03-09 13:19:23) [GET]
  [4;35;1mUser Load (0.3ms)[0m   [0mSELECT * FROM "users" WHERE ("users"."id" = '4') LIMIT 1[0m
  [4;36;1mRole Load (0.2ms)[0m   [0;1mSELECT * FROM "roles" WHERE ("roles"."id" = 18) [0m
  [4;35;1mGame Load (0.2ms)[0m   [0mSELECT * FROM "games" [0m
Rendering template within layouts/member
Rendering members/games/index

ActionView::TemplateError (undefined local variable or method `new_member_game_path' for #<ActionView::Base:0x1031670c0>) on line #15 of app/views/members/games/index.html.haml:
12:       %td= link_to 'Edit', edit_member_game_path(game)
13:       %td= link_to 'Destroy', member_game_path(game), :confirm => 'Are you sure?', :method => :delete
14: 
15: %p= link_to "New Game", new_member_game_path

    app/views/members/games/index.html.haml:15:in `_run_haml_app47views47members47games47index46html46haml'
    haml (3.0.25) rails/./lib/haml/helpers/action_view_mods.rb:13:in `render'
    haml (3.0.25) rails/./lib/haml/helpers/action_view_mods.rb:13:in `render'
    haml (3.0.25) rails/./lib/sass/plugin/rack.rb:41:in `call'
    /System/Library/Frameworks/Ruby.framework/Versions/1.8/usr/lib/ruby/1.8/webrick/httpserver.rb:104:in `service'
    /System/Library/Frameworks/Ruby.framework/Versions/1.8/usr/lib/ruby/1.8/webrick/httpserver.rb:65:in `run'
    /System/Library/Frameworks/Ruby.framework/Versions/1.8/usr/lib/ruby/1.8/webrick/server.rb:173:in `start_thread'
    /System/Library/Frameworks/Ruby.framework/Versions/1.8/usr/lib/ruby/1.8/webrick/server.rb:162:in `start'
    /System/Library/Frameworks/Ruby.framework/Versions/1.8/usr/lib/ruby/1.8/webrick/server.rb:162:in `start_thread'
    /System/Library/Frameworks/Ruby.framework/Versions/1.8/usr/lib/ruby/1.8/webrick/server.rb:95:in `start'
    /System/Library/Frameworks/Ruby.framework/Versions/1.8/usr/lib/ruby/1.8/webrick/server.rb:92:in `each'
    /System/Library/Frameworks/Ruby.framework/Versions/1.8/usr/lib/ruby/1.8/webrick/server.rb:92:in `start'
    /System/Library/Frameworks/Ruby.framework/Versions/1.8/usr/lib/ruby/1.8/webrick/server.rb:23:in `start'
    /System/Library/Frameworks/Ruby.framework/Versions/1.8/usr/lib/ruby/1.8/webrick/server.rb:82:in `start'

Rendered rescues/_trace (38.3ms)
Rendered rescues/_request_and_response (88.3ms)
Rendering rescues/layout (internal_server_error)


Processing Members::GamesController#index (for 127.0.0.1 at 2011-03-09 13:19:43) [GET]
  [4;36;1mUser Load (0.3ms)[0m   [0;1mSELECT * FROM "users" WHERE ("users"."id" = '4') LIMIT 1[0m
  [4;35;1mRole Load (0.2ms)[0m   [0mSELECT * FROM "roles" WHERE ("roles"."id" = 18) [0m
  [4;36;1mGame Load (0.2ms)[0m   [0;1mSELECT * FROM "games" [0m
Rendering template within layouts/member
Rendering members/games/index
Completed in 33ms (View: 8, DB: 1) | 200 OK [http://localhost/members/]


Processing Members::GamesController#new (for 127.0.0.1 at 2011-03-09 13:19:54) [GET]
  [4;35;1mUser Load (0.4ms)[0m   [0mSELECT * FROM "users" WHERE ("users"."id" = '4') LIMIT 1[0m
  [4;36;1mRole Load (0.2ms)[0m   [0;1mSELECT * FROM "roles" WHERE ("roles"."id" = 18) [0m
Rendering template within layouts/member
Rendering members/games/new

ActionView::TemplateError (undefined method `title' for #<ActionView::Base:0x102eb33d8>) on line #1 of app/views/members/games/new.html.haml:
1: - title "New Game"
2: 
3: = render :partial => 'form'
4: 

    app/views/members/games/new.html.haml:1:in `_run_haml_app47views47members47games47new46html46haml'
    haml (3.0.25) rails/./lib/haml/helpers/action_view_mods.rb:13:in `render'
    haml (3.0.25) rails/./lib/haml/helpers/action_view_mods.rb:13:in `render'
    haml (3.0.25) rails/./lib/sass/plugin/rack.rb:41:in `call'
    /System/Library/Frameworks/Ruby.framework/Versions/1.8/usr/lib/ruby/1.8/webrick/httpserver.rb:104:in `service'
    /System/Library/Frameworks/Ruby.framework/Versions/1.8/usr/lib/ruby/1.8/webrick/httpserver.rb:65:in `run'
    /System/Library/Frameworks/Ruby.framework/Versions/1.8/usr/lib/ruby/1.8/webrick/server.rb:173:in `start_thread'
    /System/Library/Frameworks/Ruby.framework/Versions/1.8/usr/lib/ruby/1.8/webrick/server.rb:162:in `start'
    /System/Library/Frameworks/Ruby.framework/Versions/1.8/usr/lib/ruby/1.8/webrick/server.rb:162:in `start_thread'
    /System/Library/Frameworks/Ruby.framework/Versions/1.8/usr/lib/ruby/1.8/webrick/server.rb:95:in `start'
    /System/Library/Frameworks/Ruby.framework/Versions/1.8/usr/lib/ruby/1.8/webrick/server.rb:92:in `each'
    /System/Library/Frameworks/Ruby.framework/Versions/1.8/usr/lib/ruby/1.8/webrick/server.rb:92:in `start'
    /System/Library/Frameworks/Ruby.framework/Versions/1.8/usr/lib/ruby/1.8/webrick/server.rb:23:in `start'
    /System/Library/Frameworks/Ruby.framework/Versions/1.8/usr/lib/ruby/1.8/webrick/server.rb:82:in `start'

Rendered rescues/_trace (39.4ms)
Rendered rescues/_request_and_response (0.3ms)
Rendering rescues/layout (internal_server_error)


Processing Members::GamesController#new (for 127.0.0.1 at 2011-03-09 13:20:11) [GET]
  [4;35;1mUser Load (0.3ms)[0m   [0mSELECT * FROM "users" WHERE ("users"."id" = '4') LIMIT 1[0m
  [4;36;1mRole Load (0.2ms)[0m   [0;1mSELECT * FROM "roles" WHERE ("roles"."id" = 18) [0m
Rendering template within layouts/member
Rendering members/games/new
Rendered members/games/_form (7.3ms)
Completed in 41ms (View: 17, DB: 0) | 200 OK [http://localhost/members/games/new]


Processing GamesController#index (for 127.0.0.1 at 2011-03-09 13:20:18) [GET]
  [4;35;1mGame Load (0.4ms)[0m   [0mSELECT * FROM "games" [0m
Rendering template within layouts/application
Rendering games/index
Completed in 7ms (View: 2, DB: 0) | 200 OK [http://localhost/games]


Processing Members::GamesController#new (for 127.0.0.1 at 2011-03-09 13:20:38) [GET]
  [4;36;1mUser Load (0.3ms)[0m   [0;1mSELECT * FROM "users" WHERE ("users"."id" = '4') LIMIT 1[0m
  [4;35;1mRole Load (0.3ms)[0m   [0mSELECT * FROM "roles" WHERE ("roles"."id" = 18) [0m
Rendering template within layouts/member
Rendering members/games/new
Rendered members/games/_form (4.0ms)

ActionView::TemplateError (undefined local variable or method `member_games_path' for #<ActionView::Base:0x103450610>) on line #5 of app/views/members/games/new.html.haml:
2: 
3: = render :partial => 'form'
4: 
5: %p= link_to "Back to List", member_games_path

    app/views/members/games/new.html.haml:5:in `_run_haml_app47views47members47games47new46html46haml'
    haml (3.0.25) rails/./lib/haml/helpers/action_view_mods.rb:13:in `render'
    haml (3.0.25) rails/./lib/haml/helpers/action_view_mods.rb:13:in `render'
    haml (3.0.25) rails/./lib/sass/plugin/rack.rb:41:in `call'
    /System/Library/Frameworks/Ruby.framework/Versions/1.8/usr/lib/ruby/1.8/webrick/httpserver.rb:104:in `service'
    /System/Library/Frameworks/Ruby.framework/Versions/1.8/usr/lib/ruby/1.8/webrick/httpserver.rb:65:in `run'
    /System/Library/Frameworks/Ruby.framework/Versions/1.8/usr/lib/ruby/1.8/webrick/server.rb:173:in `start_thread'
    /System/Library/Frameworks/Ruby.framework/Versions/1.8/usr/lib/ruby/1.8/webrick/server.rb:162:in `start'
    /System/Library/Frameworks/Ruby.framework/Versions/1.8/usr/lib/ruby/1.8/webrick/server.rb:162:in `start_thread'
    /System/Library/Frameworks/Ruby.framework/Versions/1.8/usr/lib/ruby/1.8/webrick/server.rb:95:in `start'
    /System/Library/Frameworks/Ruby.framework/Versions/1.8/usr/lib/ruby/1.8/webrick/server.rb:92:in `each'
    /System/Library/Frameworks/Ruby.framework/Versions/1.8/usr/lib/ruby/1.8/webrick/server.rb:92:in `start'
    /System/Library/Frameworks/Ruby.framework/Versions/1.8/usr/lib/ruby/1.8/webrick/server.rb:23:in `start'
    /System/Library/Frameworks/Ruby.framework/Versions/1.8/usr/lib/ruby/1.8/webrick/server.rb:82:in `start'

Rendered rescues/_trace (39.0ms)
Rendered rescues/_request_and_response (0.3ms)
Rendering rescues/layout (internal_server_error)


Processing Members::GamesController#new (for 127.0.0.1 at 2011-03-09 13:20:44) [GET]
  [4;36;1mUser Load (0.3ms)[0m   [0;1mSELECT * FROM "users" WHERE ("users"."id" = '4') LIMIT 1[0m
  [4;35;1mRole Load (0.2ms)[0m   [0mSELECT * FROM "roles" WHERE ("roles"."id" = 18) [0m
Rendering template within layouts/member
Rendering members/games/new
Rendered members/games/_form (3.7ms)
Completed in 36ms (View: 10, DB: 0) | 200 OK [http://localhost/members/games/new]


Processing Members::GamesController#index (for 127.0.0.1 at 2011-03-09 13:20:46) [GET]
  [4;36;1mUser Load (0.3ms)[0m   [0;1mSELECT * FROM "users" WHERE ("users"."id" = '4') LIMIT 1[0m
  [4;35;1mRole Load (0.2ms)[0m   [0mSELECT * FROM "roles" WHERE ("roles"."id" = 18) [0m
  [4;36;1mGame Load (0.2ms)[0m   [0;1mSELECT * FROM "games" [0m
Rendering template within layouts/member
Rendering members/games/index
Completed in 26ms (View: 2, DB: 1) | 200 OK [http://localhost/members/games]


Processing Members::GamesController#index (for 127.0.0.1 at 2011-03-09 13:21:44) [GET]
  [4;35;1mUser Load (80.9ms)[0m   [0mSELECT * FROM "users" WHERE ("users"."id" = '4') LIMIT 1[0m
  [4;36;1mRole Load (0.2ms)[0m   [0;1mSELECT * FROM "roles" WHERE ("roles"."id" = 18) [0m
  [4;35;1mGame Load (0.2ms)[0m   [0mSELECT * FROM "games" [0m
Rendering template within layouts/member
Rendering members/games/index
Completed in 108ms (View: 2, DB: 81) | 200 OK [http://localhost/members/games]


Processing Members::GamesController#new (for 127.0.0.1 at 2011-03-09 13:21:47) [GET]
  [4;36;1mUser Load (0.3ms)[0m   [0;1mSELECT * FROM "users" WHERE ("users"."id" = '4') LIMIT 1[0m
  [4;35;1mRole Load (0.2ms)[0m   [0mSELECT * FROM "roles" WHERE ("roles"."id" = 18) [0m
Rendering template within layouts/member
Rendering members/games/new
Rendered members/games/_form (3.7ms)
Completed in 31ms (View: 6, DB: 0) | 200 OK [http://localhost/members/games/new]


Processing Members::GamesController#create (for 127.0.0.1 at 2011-03-09 13:22:01) [POST]
  Parameters: {"game"=>{"rating"=>"1", "title"=>"Test Game", "user_id"=>""}, "commit"=>"Save changes", "authenticity_token"=>"Xe5OAdMR10c+L3wC6bUmqRdNqfVE71kFDLxfsZ2dGu4="}
  [4;36;1mUser Load (0.3ms)[0m   [0;1mSELECT * FROM "users" WHERE ("users"."id" = '4') LIMIT 1[0m
  [4;35;1mRole Load (0.2ms)[0m   [0mSELECT * FROM "roles" WHERE ("roles"."id" = 18) [0m
  [4;36;1mGame Create (0.4ms)[0m   [0;1mINSERT INTO "games" ("rating", "created_at", "title", "updated_at", "user_id") VALUES(1, '2011-03-09 20:22:01', 'Test Game', '2011-03-09 20:22:01', NULL)[0m

NoMethodError (undefined method `member_game_url' for #<Members::GamesController:0x102e696e8>):
  app/controllers/members/games_controller.rb:18:in `create'
  haml (3.0.25) rails/./lib/sass/plugin/rack.rb:41:in `call'
  /System/Library/Frameworks/Ruby.framework/Versions/1.8/usr/lib/ruby/1.8/webrick/httpserver.rb:104:in `service'
  /System/Library/Frameworks/Ruby.framework/Versions/1.8/usr/lib/ruby/1.8/webrick/httpserver.rb:65:in `run'
  /System/Library/Frameworks/Ruby.framework/Versions/1.8/usr/lib/ruby/1.8/webrick/server.rb:173:in `start_thread'
  /System/Library/Frameworks/Ruby.framework/Versions/1.8/usr/lib/ruby/1.8/webrick/server.rb:162:in `start'
  /System/Library/Frameworks/Ruby.framework/Versions/1.8/usr/lib/ruby/1.8/webrick/server.rb:162:in `start_thread'
  /System/Library/Frameworks/Ruby.framework/Versions/1.8/usr/lib/ruby/1.8/webrick/server.rb:95:in `start'
  /System/Library/Frameworks/Ruby.framework/Versions/1.8/usr/lib/ruby/1.8/webrick/server.rb:92:in `each'
  /System/Library/Frameworks/Ruby.framework/Versions/1.8/usr/lib/ruby/1.8/webrick/server.rb:92:in `start'
  /System/Library/Frameworks/Ruby.framework/Versions/1.8/usr/lib/ruby/1.8/webrick/server.rb:23:in `start'
  /System/Library/Frameworks/Ruby.framework/Versions/1.8/usr/lib/ruby/1.8/webrick/server.rb:82:in `start'

Rendered rescues/_trace (114.6ms)
Rendered rescues/_request_and_response (0.4ms)
Rendering rescues/layout (internal_server_error)


Processing Members::GamesController#create (for 127.0.0.1 at 2011-03-09 13:22:37) [POST]
  Parameters: {"game"=>{"rating"=>"1", "title"=>"Test Game", "user_id"=>""}, "commit"=>"Save changes", "authenticity_token"=>"Xe5OAdMR10c+L3wC6bUmqRdNqfVE71kFDLxfsZ2dGu4="}
  [4;35;1mUser Load (0.3ms)[0m   [0mSELECT * FROM "users" WHERE ("users"."id" = '4') LIMIT 1[0m
  [4;36;1mRole Load (0.2ms)[0m   [0;1mSELECT * FROM "roles" WHERE ("roles"."id" = 18) [0m
  [4;35;1mGame Create (0.4ms)[0m   [0mINSERT INTO "games" ("rating", "created_at", "title", "updated_at", "user_id") VALUES(1, '2011-03-09 20:22:37', 'Test Game', '2011-03-09 20:22:37', NULL)[0m
Redirected to http://localhost:3000/members/games/2
Completed in 31ms (DB: 1) | 302 Found [http://localhost/members/games]


Processing Members::GamesController#show (for 127.0.0.1 at 2011-03-09 13:22:37) [GET]
  Parameters: {"id"=>"2"}
  [4;36;1mUser Load (0.3ms)[0m   [0;1mSELECT * FROM "users" WHERE ("users"."id" = '4') LIMIT 1[0m
  [4;35;1mRole Load (0.2ms)[0m   [0mSELECT * FROM "roles" WHERE ("roles"."id" = 18) [0m
  [4;36;1mGame Load (0.2ms)[0m   [0;1mSELECT * FROM "games" WHERE ("games"."id" = 2) [0m
Rendering template within layouts/member
Rendering members/games/show
Completed in 126ms (View: 100, DB: 1) | 200 OK [http://localhost/members/games/2]


Processing UsersController#edit (for 127.0.0.1 at 2011-03-09 13:22:43) [GET]
  Parameters: {"id"=>"current"}
  [4;35;1mUser Load (0.3ms)[0m   [0mSELECT * FROM "users" WHERE ("users"."id" = '4') LIMIT 1[0m
Rendering template within layouts/application
Rendering users/edit
Rendered users/_form (10.1ms)
Completed in 36ms (View: 22, DB: 0) | 200 OK [http://localhost/users/current/edit]


Processing UsersController#index (for 127.0.0.1 at 2011-03-09 13:22:48) [GET]
  [4;36;1mUser Load (0.3ms)[0m   [0;1mSELECT * FROM "users" [0m
Rendering template within layouts/application
Rendering users/index
Completed in 22ms (View: 12, DB: 0) | 200 OK [http://localhost/users]


Processing UserSessionsController#destroy (for 127.0.0.1 at 2011-03-09 13:26:00) [GET]
  [4;35;1mUser Load (0.3ms)[0m   [0mSELECT * FROM "users" WHERE ("users"."id" = '4') LIMIT 1[0m
  [4;36;1mCACHE (0.0ms)[0m   [0;1mSELECT * FROM "users" WHERE ("users"."id" = '4') LIMIT 1[0m
Redirected to http://localhost:3000/
Completed in 104ms (DB: 0) | 302 Found [http://localhost/logout]


Processing GamesController#index (for 127.0.0.1 at 2011-03-09 13:26:00) [GET]
  [4;35;1mGame Load (0.5ms)[0m   [0mSELECT * FROM "games" [0m
Rendering template within layouts/application
Rendering games/index
Completed in 18ms (View: 12, DB: 0) | 200 OK [http://localhost/]


Processing GamesController#index (for 127.0.0.1 at 2011-03-09 13:26:04) [GET]
  [4;36;1mGame Load (0.4ms)[0m   [0;1mSELECT * FROM "games" [0m
Rendering template within layouts/application
Rendering games/index
Completed in 10ms (View: 5, DB: 0) | 200 OK [http://localhost/]


Processing UserSessionsController#new (for 127.0.0.1 at 2011-03-09 13:26:11) [GET]
Rendering template within layouts/application
Rendering user_sessions/new
Completed in 16ms (View: 5, DB: 0) | 200 OK [http://localhost/login]


Processing UsersController#new to current (for 127.0.0.1 at 2011-03-09 13:26:14) [GET]

ActionView::MissingTemplate (Missing template users/new.erb in view path app/views:/Library/Ruby/Gems/1.8/gems/declarative_authorization-0.5.2/app/views):
  haml (3.0.25) rails/./lib/sass/plugin/rack.rb:41:in `call'
  /System/Library/Frameworks/Ruby.framework/Versions/1.8/usr/lib/ruby/1.8/webrick/httpserver.rb:104:in `service'
  /System/Library/Frameworks/Ruby.framework/Versions/1.8/usr/lib/ruby/1.8/webrick/httpserver.rb:65:in `run'
  /System/Library/Frameworks/Ruby.framework/Versions/1.8/usr/lib/ruby/1.8/webrick/server.rb:173:in `start_thread'
  /System/Library/Frameworks/Ruby.framework/Versions/1.8/usr/lib/ruby/1.8/webrick/server.rb:162:in `start'
  /System/Library/Frameworks/Ruby.framework/Versions/1.8/usr/lib/ruby/1.8/webrick/server.rb:162:in `start_thread'
  /System/Library/Frameworks/Ruby.framework/Versions/1.8/usr/lib/ruby/1.8/webrick/server.rb:95:in `start'
  /System/Library/Frameworks/Ruby.framework/Versions/1.8/usr/lib/ruby/1.8/webrick/server.rb:92:in `each'
  /System/Library/Frameworks/Ruby.framework/Versions/1.8/usr/lib/ruby/1.8/webrick/server.rb:92:in `start'
  /System/Library/Frameworks/Ruby.framework/Versions/1.8/usr/lib/ruby/1.8/webrick/server.rb:23:in `start'
  /System/Library/Frameworks/Ruby.framework/Versions/1.8/usr/lib/ruby/1.8/webrick/server.rb:82:in `start'

Rendering rescues/layout (internal_server_error)


Processing GamesController#index (for 127.0.0.1 at 2011-03-09 13:26:45) [GET]
  [4;35;1mGame Load (0.4ms)[0m   [0mSELECT * FROM "games" [0m
Rendering template within layouts/application
Rendering games/index

ActionView::TemplateError (undefined method `create_user_path' for #<ActionView::Base:0x10367b228>) on line #12 of app/views/layouts/application.html.haml:
9: 
10: %div.content
11:   %div.login
12:     = link_to "Register", create_user_path(:current)
13:     or
14:     = link_to "Login", login_path
15:   %div.notice

    app/views/layouts/application.html.haml:12:in `_run_haml_app47views47layouts47application46html46haml'
    haml (3.0.25) rails/./lib/haml/helpers/action_view_mods.rb:13:in `render'
    haml (3.0.25) rails/./lib/haml/helpers/action_view_mods.rb:13:in `render'
    haml (3.0.25) rails/./lib/sass/plugin/rack.rb:41:in `call'
    /System/Library/Frameworks/Ruby.framework/Versions/1.8/usr/lib/ruby/1.8/webrick/httpserver.rb:104:in `service'
    /System/Library/Frameworks/Ruby.framework/Versions/1.8/usr/lib/ruby/1.8/webrick/httpserver.rb:65:in `run'
    /System/Library/Frameworks/Ruby.framework/Versions/1.8/usr/lib/ruby/1.8/webrick/server.rb:173:in `start_thread'
    /System/Library/Frameworks/Ruby.framework/Versions/1.8/usr/lib/ruby/1.8/webrick/server.rb:162:in `start'
    /System/Library/Frameworks/Ruby.framework/Versions/1.8/usr/lib/ruby/1.8/webrick/server.rb:162:in `start_thread'
    /System/Library/Frameworks/Ruby.framework/Versions/1.8/usr/lib/ruby/1.8/webrick/server.rb:95:in `start'
    /System/Library/Frameworks/Ruby.framework/Versions/1.8/usr/lib/ruby/1.8/webrick/server.rb:92:in `each'
    /System/Library/Frameworks/Ruby.framework/Versions/1.8/usr/lib/ruby/1.8/webrick/server.rb:92:in `start'
    /System/Library/Frameworks/Ruby.framework/Versions/1.8/usr/lib/ruby/1.8/webrick/server.rb:23:in `start'
    /System/Library/Frameworks/Ruby.framework/Versions/1.8/usr/lib/ruby/1.8/webrick/server.rb:82:in `start'

Rendered rescues/_trace (37.5ms)
Rendered rescues/_request_and_response (0.3ms)
Rendering rescues/layout (internal_server_error)


Processing GamesController#index (for 127.0.0.1 at 2011-03-09 13:26:59) [GET]
  [4;36;1mGame Load (0.4ms)[0m   [0;1mSELECT * FROM "games" [0m
Rendering template within layouts/application
Rendering games/index
Completed in 15ms (View: 11, DB: 0) | 200 OK [http://localhost/]


Processing UsersController#new (for 127.0.0.1 at 2011-03-09 13:27:00) [GET]
Rendering template within layouts/application
Rendering users/new
Rendered users/_form (7.4ms)
Completed in 113ms (View: 14, DB: 0) | 200 OK [http://localhost/users/new]


Processing UsersController#index (for 127.0.0.1 at 2011-03-09 13:27:04) [GET]
  [4;35;1mUser Load (0.3ms)[0m   [0mSELECT * FROM "users" [0m
Rendering template within layouts/application
Rendering users/index
Completed in 15ms (View: 5, DB: 0) | 200 OK [http://localhost/users]


Processing GamesController#index (for 127.0.0.1 at 2011-03-09 13:27:27) [GET]
  [4;36;1mGame Load (0.4ms)[0m   [0;1mSELECT * FROM "games" [0m
Rendering template within layouts/application
Rendering games/index
Completed in 10ms (View: 5, DB: 0) | 200 OK [http://localhost/]


Processing UserSessionsController#new (for 127.0.0.1 at 2011-03-09 13:27:29) [GET]
Rendering template within layouts/application
Rendering user_sessions/new
Completed in 16ms (View: 4, DB: 0) | 200 OK [http://localhost/login]


Processing UserSessionsController#create (for 127.0.0.1 at 2011-03-09 13:27:35) [POST]
  Parameters: {"commit"=>"Save changes", "user_session"=>{"username"=>"admin", "password"=>"password"}, "authenticity_token"=>"Xe5OAdMR10c+L3wC6bUmqRdNqfVE71kFDLxfsZ2dGu4="}
  [4;35;1mUser Load (0.3ms)[0m   [0mSELECT * FROM "users" WHERE (LOWER("users".username) = 'admin') LIMIT 1[0m
Redirected to http://localhost:3000/
Completed in 99ms (DB: 0) | 302 Found [http://localhost/user_sessions]


Processing GamesController#index (for 127.0.0.1 at 2011-03-09 13:27:35) [GET]
  [4;36;1mGame Load (0.5ms)[0m   [0;1mSELECT * FROM "games" [0m
Rendering template within layouts/application
Rendering games/index
Completed in 10ms (View: 5, DB: 0) | 200 OK [http://localhost/]


Processing Admin::GamesController#index (for 127.0.0.1 at 2011-03-09 13:27:42) [GET]
  [4;35;1mUser Load (0.3ms)[0m   [0mSELECT * FROM "users" WHERE ("users"."id" = '3') LIMIT 1[0m
  [4;36;1mRole Load (0.2ms)[0m   [0;1mSELECT * FROM "roles" WHERE ("roles"."id" = 17) [0m
  [4;35;1mGame Load (0.2ms)[0m   [0mSELECT * FROM "games" [0m
Rendering template within layouts/admin
Rendering admin/games/index
Completed in 28ms (View: 4, DB: 1) | 200 OK [http://localhost/admin/]
